2023.11.29 14:20:55 INFO  ce[][o.s.p.ProcessEntryPoint] Starting Compute Engine
2023.11.29 14:20:55 INFO  ce[][o.s.ce.app.CeServer] Compute Engine starting up...
2023.11.29 14:20:57 INFO  ce[][o.s.d.DefaultDatabase] Create JDBC data source for jdbc:postgresql://db:5432/sonar
2023.11.29 14:20:57 INFO  ce[][c.z.h.HikariDataSource] HikariPool-1 - Starting...
2023.11.29 14:20:57 INFO  ce[][c.z.h.p.HikariPool] HikariPool-1 - Added connection org.postgresql.jdbc.PgConnection@6622fe74
2023.11.29 14:20:57 INFO  ce[][c.z.h.HikariDataSource] HikariPool-1 - Start completed.
2023.11.29 14:21:01 INFO  ce[][o.s.s.p.ServerFileSystemImpl] SonarQube home: /opt/sonarqube
2023.11.29 14:21:01 INFO  ce[][o.s.c.c.CePluginRepository] Load plugins
2023.11.29 14:21:04 INFO  ce[][o.s.c.c.ComputeEngineContainerImpl] Running Community edition
2023.11.29 14:21:04 INFO  ce[][o.s.ce.app.CeServer] Compute Engine is started
2023.11.29 14:52:48 INFO  ce[][o.s.p.ProcessEntryPoint] Gracefully stopping process
2023.11.29 14:52:48 INFO  ce[][o.s.ce.app.CeServer] Compute Engine is stopping...
2023.11.29 14:52:48 INFO  ce[][o.s.c.t.CeProcessingSchedulerImpl] Gracefully stopping workers...
2023.11.29 14:52:48 INFO  ce[][c.z.h.HikariDataSource] HikariPool-1 - Shutdown initiated...
2023.11.29 14:52:48 INFO  ce[][c.z.h.HikariDataSource] HikariPool-1 - Shutdown completed.
2023.11.29 14:52:48 INFO  ce[][o.s.ce.app.CeServer] Compute Engine is stopped
2023.11.29 14:54:06 INFO  ce[][o.s.p.ProcessEntryPoint] Starting Compute Engine
2023.11.29 14:54:06 INFO  ce[][o.s.ce.app.CeServer] Compute Engine starting up...
2023.11.29 14:54:07 INFO  ce[][o.s.d.DefaultDatabase] Create JDBC data source for jdbc:postgresql://db:5432/sonar
2023.11.29 14:54:07 INFO  ce[][c.z.h.HikariDataSource] HikariPool-1 - Starting...
2023.11.29 14:54:07 INFO  ce[][c.z.h.p.HikariPool] HikariPool-1 - Added connection org.postgresql.jdbc.PgConnection@6622fe74
2023.11.29 14:54:07 INFO  ce[][c.z.h.HikariDataSource] HikariPool-1 - Start completed.
2023.11.29 14:54:09 INFO  ce[][o.s.s.p.ServerFileSystemImpl] SonarQube home: /opt/sonarqube
2023.11.29 14:54:10 INFO  ce[][o.s.c.c.CePluginRepository] Load plugins
2023.11.29 14:54:12 INFO  ce[][o.s.c.c.ComputeEngineContainerImpl] Running Community edition
2023.11.29 14:54:12 INFO  ce[][o.s.ce.app.CeServer] Compute Engine is started
2023.11.29 14:54:36 INFO  ce[][o.s.p.ProcessEntryPoint] Gracefully stopping process
2023.11.29 14:54:36 INFO  ce[][o.s.ce.app.CeServer] Compute Engine is stopping...
2023.11.29 14:54:36 INFO  ce[][o.s.c.t.CeProcessingSchedulerImpl] Gracefully stopping workers...
2023.11.29 14:54:36 INFO  ce[][c.z.h.HikariDataSource] HikariPool-1 - Shutdown initiated...
2023.11.29 14:54:36 INFO  ce[][c.z.h.HikariDataSource] HikariPool-1 - Shutdown completed.
2023.11.29 14:54:36 INFO  ce[][o.s.ce.app.CeServer] Compute Engine is stopped
2023.11.29 14:57:46 INFO  ce[][o.s.p.ProcessEntryPoint] Starting Compute Engine
2023.11.29 14:57:46 INFO  ce[][o.s.ce.app.CeServer] Compute Engine starting up...
2023.11.29 14:57:47 INFO  ce[][o.s.d.DefaultDatabase] Create JDBC data source for jdbc:postgresql://db:5432/sonar
2023.11.29 14:57:47 INFO  ce[][c.z.h.HikariDataSource] HikariPool-1 - Starting...
2023.11.29 14:57:48 INFO  ce[][c.z.h.p.HikariPool] HikariPool-1 - Added connection org.postgresql.jdbc.PgConnection@6622fe74
2023.11.29 14:57:48 INFO  ce[][c.z.h.HikariDataSource] HikariPool-1 - Start completed.
2023.11.29 14:57:52 INFO  ce[][o.s.s.p.ServerFileSystemImpl] SonarQube home: /opt/sonarqube
2023.11.29 14:57:53 INFO  ce[][o.s.c.c.CePluginRepository] Load plugins
2023.11.29 14:57:55 INFO  ce[][o.s.c.c.ComputeEngineContainerImpl] Running Community edition
2023.11.29 14:57:55 INFO  ce[][o.s.ce.app.CeServer] Compute Engine is started
2023.11.29 15:08:41 INFO  ce[][o.s.p.ProcessEntryPoint] Gracefully stopping process
2023.11.29 15:08:41 INFO  ce[][o.s.ce.app.CeServer] Compute Engine is stopping...
2023.11.29 15:08:41 INFO  ce[][o.s.c.t.CeProcessingSchedulerImpl] Gracefully stopping workers...
2023.11.29 15:08:41 INFO  ce[][c.z.h.HikariDataSource] HikariPool-1 - Shutdown initiated...
2023.11.29 15:08:41 INFO  ce[][c.z.h.HikariDataSource] HikariPool-1 - Shutdown completed.
2023.11.29 15:08:41 INFO  ce[][o.s.ce.app.CeServer] Compute Engine is stopped
2023.11.29 15:09:47 INFO  ce[][o.s.p.ProcessEntryPoint] Starting Compute Engine
2023.11.29 15:09:47 INFO  ce[][o.s.ce.app.CeServer] Compute Engine starting up...
2023.11.29 15:09:48 INFO  ce[][o.s.d.DefaultDatabase] Create JDBC data source for jdbc:postgresql://db:5432/sonar
2023.11.29 15:09:48 INFO  ce[][c.z.h.HikariDataSource] HikariPool-1 - Starting...
2023.11.29 15:09:48 INFO  ce[][c.z.h.p.HikariPool] HikariPool-1 - Added connection org.postgresql.jdbc.PgConnection@6622fe74
2023.11.29 15:09:48 INFO  ce[][c.z.h.HikariDataSource] HikariPool-1 - Start completed.
2023.11.29 15:09:51 INFO  ce[][o.s.s.p.ServerFileSystemImpl] SonarQube home: /opt/sonarqube
2023.11.29 15:09:51 INFO  ce[][o.s.c.c.CePluginRepository] Load plugins
2023.11.29 15:09:53 INFO  ce[][o.s.c.c.ComputeEngineContainerImpl] Running Community edition
2023.11.29 15:09:53 INFO  ce[][o.s.ce.app.CeServer] Compute Engine is started
2023.11.29 15:30:35 INFO  ce[][o.s.p.ProcessEntryPoint] Gracefully stopping process
2023.11.29 15:30:35 WARN  ce[][c.z.h.pool.PoolBase] HikariPool-1 - Failed to validate connection org.postgresql.jdbc.PgConnection@43338a49 (This connection has been closed.). Possibly consider using a shorter maxLifetime value.
2023.11.29 15:30:35 INFO  ce[][o.s.ce.app.CeServer] Compute Engine is stopping...
2023.11.29 15:30:35 INFO  ce[][o.s.c.t.CeProcessingSchedulerImpl] Gracefully stopping workers...
2023.11.29 15:30:35 INFO  ce[][c.z.h.HikariDataSource] HikariPool-1 - Shutdown initiated...
2023.11.29 15:30:35 INFO  ce[][c.z.h.HikariDataSource] HikariPool-1 - Shutdown completed.
2023.11.29 15:30:35 INFO  ce[][o.s.ce.app.CeServer] Compute Engine is stopped
