2023.11.29 14:13:10 INFO  es[][o.e.n.Node] version[8.11.0], pid[78], build[tar/d9ec3fa628c7b0ba3d25692e277ba26814820b20/2023-11-04T10:04:57.184859352Z], OS[Linux/5.14.0-383.el9.x86_64/amd64], JVM[Eclipse Adoptium/OpenJDK 64-Bit Server VM/17.0.9/17.0.9+9]
2023.11.29 14:13:10 INFO  es[][o.e.n.Node] JVM home [/opt/java/openjdk], using bundled JDK [false]
2023.11.29 14:13:10 INFO  es[][o.e.n.Node] JVM arguments [-Des.networkaddress.cache.ttl=60, -Des.networkaddress.cache.negative.ttl=10, -Djava.security.manager=allow, -XX:+AlwaysPreTouch, -Xss1m, -Djava.awt.headless=true, -Dfile.encoding=UTF-8, -Djna.nosys=true, -XX:-OmitStackTraceInFastThrow, -Dio.netty.noUnsafe=true, -Dio.netty.noKeySetOptimization=true, -Dio.netty.recycler.maxCapacityPerThread=0, -Dlog4j.shutdownHookEnabled=false, -Dlog4j2.disable.jmx=true, -Dlog4j2.formatMsgNoLookups=true, -Djava.locale.providers=SPI,COMPAT, --add-opens=java.base/java.io=org.elasticsearch.preallocate, -XX:+UseG1GC, -Djava.io.tmpdir=/opt/sonarqube/temp, -XX:ErrorFile=/opt/sonarqube/logs/es_hs_err_pid%p.log, -Xlog:disable, -Des.networkaddress.cache.ttl=60, -Des.networkaddress.cache.negative.ttl=10, -XX:+AlwaysPreTouch, -Xss1m, -Djava.awt.headless=true, -Dfile.encoding=UTF-8, -Djna.nosys=true, -Djna.tmpdir=/opt/sonarqube/temp, -XX:-OmitStackTraceInFastThrow, -Dio.netty.noUnsafe=true, -Dio.netty.noKeySetOptimization=true, -Dio.netty.recycler.maxCapacityPerThread=0, -Dio.netty.allocator.numDirectArenas=0, -Dlog4j.shutdownHookEnabled=false, -Dlog4j2.disable.jmx=true, -Dlog4j2.formatMsgNoLookups=true, -Djava.locale.providers=COMPAT, -Dcom.redhat.fips=false, -Des.enforce.bootstrap.checks=true, -Xmx512m, -Xms512m, -XX:MaxDirectMemorySize=256m, -XX:+HeapDumpOnOutOfMemoryError, -XX:G1HeapRegionSize=4m, -XX:InitiatingHeapOccupancyPercent=30, -XX:G1ReservePercent=15, -Des.distribution.type=tar, --module-path=/opt/sonarqube/elasticsearch/lib, --add-modules=jdk.net, --add-modules=ALL-MODULE-PATH, -Djdk.module.main=org.elasticsearch.server]
2023.11.29 14:13:14 INFO  es[][o.e.p.PluginsService] loaded module [lang-painless]
2023.11.29 14:13:14 INFO  es[][o.e.p.PluginsService] loaded module [x-pack-core]
2023.11.29 14:13:14 INFO  es[][o.e.p.PluginsService] loaded module [old-lucene-versions]
2023.11.29 14:13:14 INFO  es[][o.e.p.PluginsService] loaded module [parent-join]
2023.11.29 14:13:14 INFO  es[][o.e.p.PluginsService] loaded module [rest-root]
2023.11.29 14:13:14 INFO  es[][o.e.p.PluginsService] loaded module [reindex]
2023.11.29 14:13:14 INFO  es[][o.e.p.PluginsService] loaded module [x-pack-redact]
2023.11.29 14:13:14 INFO  es[][o.e.p.PluginsService] loaded module [analysis-common]
2023.11.29 14:13:14 INFO  es[][o.e.p.PluginsService] loaded module [x-pack-security]
2023.11.29 14:13:14 INFO  es[][o.e.p.PluginsService] loaded module [transport-netty4]
2023.11.29 14:13:14 INFO  es[][o.e.p.PluginsService] loaded module [aggregations]
2023.11.29 14:13:14 INFO  es[][o.e.p.PluginsService] loaded module [apm]
2023.11.29 14:13:26 INFO  es[][o.e.e.NodeEnvironment] using [1] data paths, mounts [[/opt/sonarqube/data (/dev/mapper/cs-root)]], net usable_space [11gb], net total_space [16.9gb], types [xfs]
2023.11.29 14:13:26 INFO  es[][o.e.e.NodeEnvironment] heap size [512mb], compressed ordinary object pointers [true]
2023.11.29 14:13:26 INFO  es[][o.e.n.Node] node name [sonarqube], node ID [JeNYU0nzQ5SkQNAdY7arVg], cluster name [sonarqube], roles [data_cold, data, remote_cluster_client, master, data_warm, data_content, transform, data_hot, ml, data_frozen, ingest]
2023.11.29 14:13:30 INFO  es[][o.e.x.s.Security] Security is disabled
2023.11.29 14:13:31 INFO  es[][o.e.t.n.NettyAllocator] creating NettyAllocator with the following configs: [name=unpooled, suggested_max_allocation_size=1mb, factors={es.unsafe.use_unpooled_allocator=null, g1gc_enabled=true, g1gc_region_size=4mb, heap_size=512mb}]
2023.11.29 14:13:31 INFO  es[][o.e.i.r.RecoverySettings] using rate limit [40mb] with [default=40mb, read=0b, write=0b, max=0b]
2023.11.29 14:13:31 INFO  es[][o.e.d.DiscoveryModule] using discovery type [single-node] and seed hosts providers [settings]
2023.11.29 14:13:34 INFO  es[][o.e.n.Node] initialized
2023.11.29 14:13:34 INFO  es[][o.e.n.Node] starting ...
2023.11.29 14:13:35 INFO  es[][o.e.t.TransportService] publish_address {127.0.0.1:35079}, bound_addresses {127.0.0.1:35079}
2023.11.29 14:13:35 INFO  es[][o.e.b.BootstrapChecks] explicitly enforcing bootstrap checks
2023.11.29 14:13:35 ERROR es[][o.e.b.Elasticsearch] node validation exception
[1] bootstrap checks failed. You must address the points described in the following [1] lines before starting Elasticsearch. For more information see [https://www.elastic.co/guide/en/elasticsearch/reference/8.11/bootstrap-checks.html]
bootstrap check failure [1] of [1]: max virtual memory areas vm.max_map_count [65530] is too low, increase to at least [262144]; for more information see [https://www.elastic.co/guide/en/elasticsearch/reference/8.11/_maximum_map_count_check.html]
2023.11.29 14:13:35 WARN  es[][o.e.n.Node] unexpected exception while waiting for http server to close
java.util.concurrent.ExecutionException: java.lang.IllegalStateException: Can't move to stopped state when not started
	at java.util.concurrent.FutureTask.report(Unknown Source) ~[?:?]
	at java.util.concurrent.FutureTask.get(Unknown Source) ~[?:?]
	at org.elasticsearch.node.Node.prepareForClose(Node.java:1776) ~[elasticsearch-8.11.0.jar:?]
	at org.elasticsearch.bootstrap.Elasticsearch.shutdown(Elasticsearch.java:468) ~[elasticsearch-8.11.0.jar:?]
	at java.lang.Thread.run(Unknown Source) ~[?:?]
Caused by: java.lang.IllegalStateException: Can't move to stopped state when not started
	at org.elasticsearch.common.component.Lifecycle.canMoveToStopped(Lifecycle.java:128) ~[elasticsearch-8.11.0.jar:?]
	at org.elasticsearch.common.component.AbstractLifecycleComponent.stop(AbstractLifecycleComponent.java:73) ~[elasticsearch-8.11.0.jar:?]
	at org.elasticsearch.node.Node.lambda$prepareForClose$59(Node.java:1768) ~[elasticsearch-8.11.0.jar:?]
	at java.util.concurrent.FutureTask.run(Unknown Source) ~[?:?]
	... 1 more
2023.11.29 14:13:35 INFO  es[][o.e.n.Node] stopping ...
2023.11.29 14:13:36 INFO  es[][o.e.n.Node] stopped
2023.11.29 14:13:36 INFO  es[][o.e.n.Node] closing ...
2023.11.29 14:13:36 INFO  es[][o.e.n.Node] closed
2023.11.29 14:14:25 INFO  es[][o.e.n.Node] version[8.11.0], pid[79], build[tar/d9ec3fa628c7b0ba3d25692e277ba26814820b20/2023-11-04T10:04:57.184859352Z], OS[Linux/5.14.0-383.el9.x86_64/amd64], JVM[Eclipse Adoptium/OpenJDK 64-Bit Server VM/17.0.9/17.0.9+9]
2023.11.29 14:14:25 INFO  es[][o.e.n.Node] JVM home [/opt/java/openjdk], using bundled JDK [false]
2023.11.29 14:14:25 INFO  es[][o.e.n.Node] JVM arguments [-Des.networkaddress.cache.ttl=60, -Des.networkaddress.cache.negative.ttl=10, -Djava.security.manager=allow, -XX:+AlwaysPreTouch, -Xss1m, -Djava.awt.headless=true, -Dfile.encoding=UTF-8, -Djna.nosys=true, -XX:-OmitStackTraceInFastThrow, -Dio.netty.noUnsafe=true, -Dio.netty.noKeySetOptimization=true, -Dio.netty.recycler.maxCapacityPerThread=0, -Dlog4j.shutdownHookEnabled=false, -Dlog4j2.disable.jmx=true, -Dlog4j2.formatMsgNoLookups=true, -Djava.locale.providers=SPI,COMPAT, --add-opens=java.base/java.io=org.elasticsearch.preallocate, -XX:+UseG1GC, -Djava.io.tmpdir=/opt/sonarqube/temp, -XX:ErrorFile=/opt/sonarqube/logs/es_hs_err_pid%p.log, -Xlog:disable, -Des.networkaddress.cache.ttl=60, -Des.networkaddress.cache.negative.ttl=10, -XX:+AlwaysPreTouch, -Xss1m, -Djava.awt.headless=true, -Dfile.encoding=UTF-8, -Djna.nosys=true, -Djna.tmpdir=/opt/sonarqube/temp, -XX:-OmitStackTraceInFastThrow, -Dio.netty.noUnsafe=true, -Dio.netty.noKeySetOptimization=true, -Dio.netty.recycler.maxCapacityPerThread=0, -Dio.netty.allocator.numDirectArenas=0, -Dlog4j.shutdownHookEnabled=false, -Dlog4j2.disable.jmx=true, -Dlog4j2.formatMsgNoLookups=true, -Djava.locale.providers=COMPAT, -Dcom.redhat.fips=false, -Des.enforce.bootstrap.checks=true, -Xmx512m, -Xms512m, -XX:MaxDirectMemorySize=256m, -XX:+HeapDumpOnOutOfMemoryError, -XX:G1HeapRegionSize=4m, -XX:InitiatingHeapOccupancyPercent=30, -XX:G1ReservePercent=15, -Des.distribution.type=tar, --module-path=/opt/sonarqube/elasticsearch/lib, --add-modules=jdk.net, --add-modules=ALL-MODULE-PATH, -Djdk.module.main=org.elasticsearch.server]
2023.11.29 14:14:28 INFO  es[][o.e.p.PluginsService] loaded module [lang-painless]
2023.11.29 14:14:28 INFO  es[][o.e.p.PluginsService] loaded module [x-pack-core]
2023.11.29 14:14:28 INFO  es[][o.e.p.PluginsService] loaded module [old-lucene-versions]
2023.11.29 14:14:28 INFO  es[][o.e.p.PluginsService] loaded module [parent-join]
2023.11.29 14:14:28 INFO  es[][o.e.p.PluginsService] loaded module [rest-root]
2023.11.29 14:14:28 INFO  es[][o.e.p.PluginsService] loaded module [reindex]
2023.11.29 14:14:28 INFO  es[][o.e.p.PluginsService] loaded module [x-pack-redact]
2023.11.29 14:14:28 INFO  es[][o.e.p.PluginsService] loaded module [analysis-common]
2023.11.29 14:14:28 INFO  es[][o.e.p.PluginsService] loaded module [x-pack-security]
2023.11.29 14:14:28 INFO  es[][o.e.p.PluginsService] loaded module [transport-netty4]
2023.11.29 14:14:28 INFO  es[][o.e.p.PluginsService] loaded module [aggregations]
2023.11.29 14:14:28 INFO  es[][o.e.p.PluginsService] loaded module [apm]
2023.11.29 14:14:38 INFO  es[][o.e.e.NodeEnvironment] using [1] data paths, mounts [[/opt/sonarqube/data (/dev/mapper/cs-root)]], net usable_space [11gb], net total_space [16.9gb], types [xfs]
2023.11.29 14:14:38 INFO  es[][o.e.e.NodeEnvironment] heap size [512mb], compressed ordinary object pointers [true]
2023.11.29 14:14:38 INFO  es[][o.e.n.Node] node name [sonarqube], node ID [JeNYU0nzQ5SkQNAdY7arVg], cluster name [sonarqube], roles [data_cold, data, remote_cluster_client, master, data_warm, data_content, transform, data_hot, ml, data_frozen, ingest]
2023.11.29 14:14:42 INFO  es[][o.e.x.s.Security] Security is disabled
2023.11.29 14:14:43 INFO  es[][o.e.t.n.NettyAllocator] creating NettyAllocator with the following configs: [name=unpooled, suggested_max_allocation_size=1mb, factors={es.unsafe.use_unpooled_allocator=null, g1gc_enabled=true, g1gc_region_size=4mb, heap_size=512mb}]
2023.11.29 14:14:43 INFO  es[][o.e.i.r.RecoverySettings] using rate limit [40mb] with [default=40mb, read=0b, write=0b, max=0b]
2023.11.29 14:14:43 INFO  es[][o.e.d.DiscoveryModule] using discovery type [single-node] and seed hosts providers [settings]
2023.11.29 14:14:45 INFO  es[][o.e.n.Node] initialized
2023.11.29 14:14:45 INFO  es[][o.e.n.Node] starting ...
2023.11.29 14:14:46 INFO  es[][o.e.t.TransportService] publish_address {127.0.0.1:34115}, bound_addresses {127.0.0.1:34115}
2023.11.29 14:14:47 INFO  es[][o.e.b.BootstrapChecks] explicitly enforcing bootstrap checks
2023.11.29 14:14:47 ERROR es[][o.e.b.Elasticsearch] node validation exception
[1] bootstrap checks failed. You must address the points described in the following [1] lines before starting Elasticsearch. For more information see [https://www.elastic.co/guide/en/elasticsearch/reference/8.11/bootstrap-checks.html]
bootstrap check failure [1] of [1]: max virtual memory areas vm.max_map_count [65530] is too low, increase to at least [262144]; for more information see [https://www.elastic.co/guide/en/elasticsearch/reference/8.11/_maximum_map_count_check.html]
2023.11.29 14:14:47 WARN  es[][o.e.n.Node] unexpected exception while waiting for http server to close
java.util.concurrent.ExecutionException: java.lang.IllegalStateException: Can't move to stopped state when not started
	at java.util.concurrent.FutureTask.report(Unknown Source) ~[?:?]
	at java.util.concurrent.FutureTask.get(Unknown Source) ~[?:?]
	at org.elasticsearch.node.Node.prepareForClose(Node.java:1776) ~[elasticsearch-8.11.0.jar:?]
	at org.elasticsearch.bootstrap.Elasticsearch.shutdown(Elasticsearch.java:468) ~[elasticsearch-8.11.0.jar:?]
	at java.lang.Thread.run(Unknown Source) ~[?:?]
Caused by: java.lang.IllegalStateException: Can't move to stopped state when not started
	at org.elasticsearch.common.component.Lifecycle.canMoveToStopped(Lifecycle.java:128) ~[elasticsearch-8.11.0.jar:?]
	at org.elasticsearch.common.component.AbstractLifecycleComponent.stop(AbstractLifecycleComponent.java:73) ~[elasticsearch-8.11.0.jar:?]
	at org.elasticsearch.node.Node.lambda$prepareForClose$59(Node.java:1768) ~[elasticsearch-8.11.0.jar:?]
	at java.util.concurrent.FutureTask.run(Unknown Source) ~[?:?]
	... 1 more
2023.11.29 14:14:47 INFO  es[][o.e.n.Node] stopping ...
2023.11.29 14:14:47 INFO  es[][o.e.n.Node] stopped
2023.11.29 14:14:47 INFO  es[][o.e.n.Node] closing ...
2023.11.29 14:14:47 INFO  es[][o.e.n.Node] closed
2023.11.29 14:19:03 INFO  es[][o.e.n.Node] version[8.11.0], pid[79], build[tar/d9ec3fa628c7b0ba3d25692e277ba26814820b20/2023-11-04T10:04:57.184859352Z], OS[Linux/5.14.0-383.el9.x86_64/amd64], JVM[Eclipse Adoptium/OpenJDK 64-Bit Server VM/17.0.9/17.0.9+9]
2023.11.29 14:19:03 INFO  es[][o.e.n.Node] JVM home [/opt/java/openjdk], using bundled JDK [false]
2023.11.29 14:19:03 INFO  es[][o.e.n.Node] JVM arguments [-Des.networkaddress.cache.ttl=60, -Des.networkaddress.cache.negative.ttl=10, -Djava.security.manager=allow, -XX:+AlwaysPreTouch, -Xss1m, -Djava.awt.headless=true, -Dfile.encoding=UTF-8, -Djna.nosys=true, -XX:-OmitStackTraceInFastThrow, -Dio.netty.noUnsafe=true, -Dio.netty.noKeySetOptimization=true, -Dio.netty.recycler.maxCapacityPerThread=0, -Dlog4j.shutdownHookEnabled=false, -Dlog4j2.disable.jmx=true, -Dlog4j2.formatMsgNoLookups=true, -Djava.locale.providers=SPI,COMPAT, --add-opens=java.base/java.io=org.elasticsearch.preallocate, -XX:+UseG1GC, -Djava.io.tmpdir=/opt/sonarqube/temp, -XX:ErrorFile=/opt/sonarqube/logs/es_hs_err_pid%p.log, -Xlog:disable, -Des.networkaddress.cache.ttl=60, -Des.networkaddress.cache.negative.ttl=10, -XX:+AlwaysPreTouch, -Xss1m, -Djava.awt.headless=true, -Dfile.encoding=UTF-8, -Djna.nosys=true, -Djna.tmpdir=/opt/sonarqube/temp, -XX:-OmitStackTraceInFastThrow, -Dio.netty.noUnsafe=true, -Dio.netty.noKeySetOptimization=true, -Dio.netty.recycler.maxCapacityPerThread=0, -Dio.netty.allocator.numDirectArenas=0, -Dlog4j.shutdownHookEnabled=false, -Dlog4j2.disable.jmx=true, -Dlog4j2.formatMsgNoLookups=true, -Djava.locale.providers=COMPAT, -Dcom.redhat.fips=false, -Des.enforce.bootstrap.checks=true, -Xmx512m, -Xms512m, -XX:MaxDirectMemorySize=256m, -XX:+HeapDumpOnOutOfMemoryError, -XX:G1HeapRegionSize=4m, -XX:InitiatingHeapOccupancyPercent=30, -XX:G1ReservePercent=15, -Des.distribution.type=tar, --module-path=/opt/sonarqube/elasticsearch/lib, --add-modules=jdk.net, --add-modules=ALL-MODULE-PATH, -Djdk.module.main=org.elasticsearch.server]
2023.11.29 14:19:06 INFO  es[][o.e.p.PluginsService] loaded module [lang-painless]
2023.11.29 14:19:06 INFO  es[][o.e.p.PluginsService] loaded module [x-pack-core]
2023.11.29 14:19:06 INFO  es[][o.e.p.PluginsService] loaded module [old-lucene-versions]
2023.11.29 14:19:06 INFO  es[][o.e.p.PluginsService] loaded module [parent-join]
2023.11.29 14:19:06 INFO  es[][o.e.p.PluginsService] loaded module [rest-root]
2023.11.29 14:19:06 INFO  es[][o.e.p.PluginsService] loaded module [reindex]
2023.11.29 14:19:06 INFO  es[][o.e.p.PluginsService] loaded module [x-pack-redact]
2023.11.29 14:19:06 INFO  es[][o.e.p.PluginsService] loaded module [analysis-common]
2023.11.29 14:19:06 INFO  es[][o.e.p.PluginsService] loaded module [x-pack-security]
2023.11.29 14:19:06 INFO  es[][o.e.p.PluginsService] loaded module [transport-netty4]
2023.11.29 14:19:06 INFO  es[][o.e.p.PluginsService] loaded module [aggregations]
2023.11.29 14:19:06 INFO  es[][o.e.p.PluginsService] loaded module [apm]
2023.11.29 14:19:16 INFO  es[][o.e.e.NodeEnvironment] using [1] data paths, mounts [[/opt/sonarqube/data (/dev/mapper/cs-root)]], net usable_space [11gb], net total_space [16.9gb], types [xfs]
2023.11.29 14:19:16 INFO  es[][o.e.e.NodeEnvironment] heap size [512mb], compressed ordinary object pointers [true]
2023.11.29 14:19:17 INFO  es[][o.e.n.Node] node name [sonarqube], node ID [JeNYU0nzQ5SkQNAdY7arVg], cluster name [sonarqube], roles [data_frozen, ingest, data_cold, data, remote_cluster_client, master, data_warm, data_content, transform, data_hot, ml]
2023.11.29 14:19:21 INFO  es[][o.e.x.s.Security] Security is disabled
2023.11.29 14:19:21 INFO  es[][o.e.t.n.NettyAllocator] creating NettyAllocator with the following configs: [name=unpooled, suggested_max_allocation_size=1mb, factors={es.unsafe.use_unpooled_allocator=null, g1gc_enabled=true, g1gc_region_size=4mb, heap_size=512mb}]
2023.11.29 14:19:22 INFO  es[][o.e.i.r.RecoverySettings] using rate limit [40mb] with [default=40mb, read=0b, write=0b, max=0b]
2023.11.29 14:19:22 INFO  es[][o.e.d.DiscoveryModule] using discovery type [single-node] and seed hosts providers [settings]
2023.11.29 14:19:24 INFO  es[][o.e.n.Node] initialized
2023.11.29 14:19:24 INFO  es[][o.e.n.Node] starting ...
2023.11.29 14:19:25 INFO  es[][o.e.t.TransportService] publish_address {127.0.0.1:39791}, bound_addresses {127.0.0.1:39791}
2023.11.29 14:19:25 INFO  es[][o.e.b.BootstrapChecks] explicitly enforcing bootstrap checks
2023.11.29 14:19:25 INFO  es[][o.e.c.c.ClusterBootstrapService] this node has not joined a bootstrapped cluster yet; [cluster.initial_master_nodes] is set to [sonarqube]
2023.11.29 14:19:25 INFO  es[][o.e.c.c.Coordinator] setting initial configuration to VotingConfiguration{JeNYU0nzQ5SkQNAdY7arVg}
2023.11.29 14:19:26 INFO  es[][o.e.c.s.MasterService] elected-as-master ([1] nodes joined in term 1)[_FINISH_ELECTION_, {sonarqube}{JeNYU0nzQ5SkQNAdY7arVg}{wzum1kCLT0ySPnwRNcuP6g}{sonarqube}{127.0.0.1}{127.0.0.1:39791}{cdfhilmrstw}{8.11.0}{7000099-8500003} completing election], term: 1, version: 1, delta: master node changed {previous [], current [{sonarqube}{JeNYU0nzQ5SkQNAdY7arVg}{wzum1kCLT0ySPnwRNcuP6g}{sonarqube}{127.0.0.1}{127.0.0.1:39791}{cdfhilmrstw}{8.11.0}{7000099-8500003}]}
2023.11.29 14:19:26 INFO  es[][o.e.c.c.CoordinationState] cluster UUID set to [TykM8YCFQ9-7F7s_AMcNeA]
2023.11.29 14:19:26 INFO  es[][o.e.c.s.ClusterApplierService] master node changed {previous [], current [{sonarqube}{JeNYU0nzQ5SkQNAdY7arVg}{wzum1kCLT0ySPnwRNcuP6g}{sonarqube}{127.0.0.1}{127.0.0.1:39791}{cdfhilmrstw}{8.11.0}{7000099-8500003}]}, term: 1, version: 1, reason: Publication{term=1, version=1}
2023.11.29 14:19:26 INFO  es[][o.e.c.f.AbstractFileWatchingService] starting file watcher ...
2023.11.29 14:19:26 INFO  es[][o.e.c.f.AbstractFileWatchingService] file settings service up and running [tid=28]
2023.11.29 14:19:26 INFO  es[][o.e.h.AbstractHttpServerTransport] publish_address {127.0.0.1:9001}, bound_addresses {127.0.0.1:9001}
2023.11.29 14:19:26 INFO  es[][o.e.n.Node] started {sonarqube}{JeNYU0nzQ5SkQNAdY7arVg}{wzum1kCLT0ySPnwRNcuP6g}{sonarqube}{127.0.0.1}{127.0.0.1:39791}{cdfhilmrstw}{8.11.0}{7000099-8500003}{xpack.installed=true, rack_id=sonarqube}
2023.11.29 14:19:26 INFO  es[][o.e.c.c.NodeJoinExecutor] node-join: [{sonarqube}{JeNYU0nzQ5SkQNAdY7arVg}{wzum1kCLT0ySPnwRNcuP6g}{sonarqube}{127.0.0.1}{127.0.0.1:39791}{cdfhilmrstw}{8.11.0}{7000099-8500003}] with reason [completing election]
2023.11.29 14:19:26 INFO  es[][o.e.g.GatewayService] recovered [0] indices into cluster_state
2023.11.29 14:19:26 INFO  es[][o.e.h.n.s.HealthNodeTaskExecutor] Node [{sonarqube}{JeNYU0nzQ5SkQNAdY7arVg}] is selected as the current health node.
2023.11.29 14:19:30 INFO  es[][o.e.l.ClusterStateLicenseService] license [fef00334-6291-48aa-b4e6-ef55e8af6d44] mode [basic] - valid
2023.11.29 14:19:46 INFO  es[][o.e.c.m.MetadataCreateIndexService] [metadatas] creating index, cause [api], templates [], shards [1]/[0]
2023.11.29 14:19:46 INFO  es[][o.e.i.m.MapperService] reloading search analyzers
2023.11.29 14:19:46 INFO  es[][o.e.c.r.a.AllocationService] current.health="GREEN" message="Cluster health status changed from [YELLOW] to [GREEN] (reason: [shards started [[metadatas][0]]])." previous.health="YELLOW" reason="shards started [[metadatas][0]]"
2023.11.29 14:19:46 INFO  es[][o.e.c.m.MetadataMappingService] [metadatas/Zcrk6WHgSRidWwsLniH-hQ] create_mapping
2023.11.29 14:19:47 INFO  es[][o.e.c.m.MetadataCreateIndexService] [components] creating index, cause [api], templates [], shards [5]/[0]
2023.11.29 14:19:47 INFO  es[][o.e.i.m.MapperService] reloading search analyzers
2023.11.29 14:19:48 INFO  es[][o.e.c.r.a.AllocationService] current.health="GREEN" message="Cluster health status changed from [YELLOW] to [GREEN] (reason: [shards started [[components][4]]])." previous.health="YELLOW" reason="shards started [[components][4]]"
2023.11.29 14:19:48 INFO  es[][o.e.c.m.MetadataMappingService] [components/glMqmS2IQZeVFS3qyjrZVA] create_mapping
2023.11.29 14:19:48 INFO  es[][o.e.c.m.MetadataCreateIndexService] [projectmeasures] creating index, cause [api], templates [], shards [5]/[0]
2023.11.29 14:19:48 INFO  es[][o.e.i.m.MapperService] reloading search analyzers
2023.11.29 14:19:48 INFO  es[][o.e.c.r.a.AllocationService] current.health="GREEN" message="Cluster health status changed from [YELLOW] to [GREEN] (reason: [shards started [[projectmeasures][4]]])." previous.health="YELLOW" reason="shards started [[projectmeasures][4]]"
2023.11.29 14:19:48 INFO  es[][o.e.c.m.MetadataMappingService] [projectmeasures/3WCftYqeQOW06zkd0EqIbg] create_mapping
2023.11.29 14:19:49 INFO  es[][o.e.c.m.MetadataCreateIndexService] [rules] creating index, cause [api], templates [], shards [2]/[0]
2023.11.29 14:19:49 INFO  es[][o.e.i.m.MapperService] reloading search analyzers
2023.11.29 14:19:49 INFO  es[][o.e.c.r.a.AllocationService] current.health="GREEN" message="Cluster health status changed from [YELLOW] to [GREEN] (reason: [shards started [[rules][1]]])." previous.health="YELLOW" reason="shards started [[rules][1]]"
2023.11.29 14:19:49 INFO  es[][o.e.c.m.MetadataMappingService] [rules/Q4GbwU2yQ8CccBFzdQ5m-g] create_mapping
2023.11.29 14:19:49 INFO  es[][o.e.c.m.MetadataCreateIndexService] [issues] creating index, cause [api], templates [], shards [5]/[0]
2023.11.29 14:19:49 INFO  es[][o.e.i.m.MapperService] reloading search analyzers
2023.11.29 14:19:49 INFO  es[][o.e.c.r.a.AllocationService] current.health="GREEN" message="Cluster health status changed from [YELLOW] to [GREEN] (reason: [shards started [[issues][4]]])." previous.health="YELLOW" reason="shards started [[issues][4]]"
2023.11.29 14:19:49 INFO  es[][o.e.c.m.MetadataMappingService] [issues/xQVpQ_BxTieMxIXk6Ghozg] create_mapping
2023.11.29 14:19:50 INFO  es[][o.e.c.m.MetadataCreateIndexService] [views] creating index, cause [api], templates [], shards [5]/[0]
2023.11.29 14:19:50 INFO  es[][o.e.i.m.MapperService] reloading search analyzers
2023.11.29 14:19:50 INFO  es[][o.e.c.r.a.AllocationService] current.health="GREEN" message="Cluster health status changed from [YELLOW] to [GREEN] (reason: [shards started [[views][4]]])." previous.health="YELLOW" reason="shards started [[views][4]]"
2023.11.29 14:19:50 INFO  es[][o.e.c.m.MetadataMappingService] [views/009H5WwmSGGjvGgSU6eDqw] create_mapping
2023.11.29 14:20:52 INFO  es[][o.e.c.s.IndexScopedSettings] updating [index.refresh_interval] from [30s] to [-1]
2023.11.29 14:20:52 INFO  es[][o.e.c.s.IndexScopedSettings] updating [index.refresh_interval] from [30s] to [-1]
2023.11.29 14:20:52 INFO  es[][o.e.c.s.IndexScopedSettings] updating [index.refresh_interval] from [-1] to [30s]
2023.11.29 14:20:52 INFO  es[][o.e.c.s.IndexScopedSettings] updating [index.refresh_interval] from [-1] to [30s]
2023.11.29 14:52:51 INFO  es[][o.e.n.Node] stopping ...
2023.11.29 14:52:51 INFO  es[][o.e.c.f.AbstractFileWatchingService] shutting down watcher thread
2023.11.29 14:52:51 INFO  es[][o.e.c.f.AbstractFileWatchingService] watcher service stopped
2023.11.29 14:52:52 INFO  es[][o.e.n.Node] stopped
2023.11.29 14:52:52 INFO  es[][o.e.n.Node] closing ...
2023.11.29 14:52:52 INFO  es[][o.e.n.Node] closed
2023.11.29 14:53:21 INFO  es[][o.e.n.Node] version[8.11.0], pid[78], build[tar/d9ec3fa628c7b0ba3d25692e277ba26814820b20/2023-11-04T10:04:57.184859352Z], OS[Linux/5.14.0-383.el9.x86_64/amd64], JVM[Eclipse Adoptium/OpenJDK 64-Bit Server VM/17.0.9/17.0.9+9]
2023.11.29 14:53:21 INFO  es[][o.e.n.Node] JVM home [/opt/java/openjdk], using bundled JDK [false]
2023.11.29 14:53:21 INFO  es[][o.e.n.Node] JVM arguments [-Des.networkaddress.cache.ttl=60, -Des.networkaddress.cache.negative.ttl=10, -Djava.security.manager=allow, -XX:+AlwaysPreTouch, -Xss1m, -Djava.awt.headless=true, -Dfile.encoding=UTF-8, -Djna.nosys=true, -XX:-OmitStackTraceInFastThrow, -Dio.netty.noUnsafe=true, -Dio.netty.noKeySetOptimization=true, -Dio.netty.recycler.maxCapacityPerThread=0, -Dlog4j.shutdownHookEnabled=false, -Dlog4j2.disable.jmx=true, -Dlog4j2.formatMsgNoLookups=true, -Djava.locale.providers=SPI,COMPAT, --add-opens=java.base/java.io=org.elasticsearch.preallocate, -XX:+UseG1GC, -Djava.io.tmpdir=/opt/sonarqube/temp, -XX:ErrorFile=/opt/sonarqube/logs/es_hs_err_pid%p.log, -Xlog:disable, -Des.networkaddress.cache.ttl=60, -Des.networkaddress.cache.negative.ttl=10, -XX:+AlwaysPreTouch, -Xss1m, -Djava.awt.headless=true, -Dfile.encoding=UTF-8, -Djna.nosys=true, -Djna.tmpdir=/opt/sonarqube/temp, -XX:-OmitStackTraceInFastThrow, -Dio.netty.noUnsafe=true, -Dio.netty.noKeySetOptimization=true, -Dio.netty.recycler.maxCapacityPerThread=0, -Dio.netty.allocator.numDirectArenas=0, -Dlog4j.shutdownHookEnabled=false, -Dlog4j2.disable.jmx=true, -Dlog4j2.formatMsgNoLookups=true, -Djava.locale.providers=COMPAT, -Dcom.redhat.fips=false, -Des.enforce.bootstrap.checks=true, -Xmx512m, -Xms512m, -XX:MaxDirectMemorySize=256m, -XX:+HeapDumpOnOutOfMemoryError, -XX:G1HeapRegionSize=4m, -XX:InitiatingHeapOccupancyPercent=30, -XX:G1ReservePercent=15, -Des.distribution.type=tar, --module-path=/opt/sonarqube/elasticsearch/lib, --add-modules=jdk.net, --add-modules=ALL-MODULE-PATH, -Djdk.module.main=org.elasticsearch.server]
2023.11.29 14:53:26 INFO  es[][o.e.p.PluginsService] loaded module [lang-painless]
2023.11.29 14:53:26 INFO  es[][o.e.p.PluginsService] loaded module [x-pack-core]
2023.11.29 14:53:26 INFO  es[][o.e.p.PluginsService] loaded module [old-lucene-versions]
2023.11.29 14:53:26 INFO  es[][o.e.p.PluginsService] loaded module [parent-join]
2023.11.29 14:53:26 INFO  es[][o.e.p.PluginsService] loaded module [rest-root]
2023.11.29 14:53:26 INFO  es[][o.e.p.PluginsService] loaded module [reindex]
2023.11.29 14:53:26 INFO  es[][o.e.p.PluginsService] loaded module [x-pack-redact]
2023.11.29 14:53:26 INFO  es[][o.e.p.PluginsService] loaded module [analysis-common]
2023.11.29 14:53:26 INFO  es[][o.e.p.PluginsService] loaded module [x-pack-security]
2023.11.29 14:53:26 INFO  es[][o.e.p.PluginsService] loaded module [transport-netty4]
2023.11.29 14:53:26 INFO  es[][o.e.p.PluginsService] loaded module [aggregations]
2023.11.29 14:53:26 INFO  es[][o.e.p.PluginsService] loaded module [apm]
2023.11.29 14:53:37 INFO  es[][o.e.e.NodeEnvironment] using [1] data paths, mounts [[/opt/sonarqube/data (/dev/mapper/cs-root)]], net usable_space [10.6gb], net total_space [16.9gb], types [xfs]
2023.11.29 14:53:37 INFO  es[][o.e.e.NodeEnvironment] heap size [512mb], compressed ordinary object pointers [true]
2023.11.29 14:53:37 INFO  es[][o.e.n.Node] node name [sonarqube], node ID [JeNYU0nzQ5SkQNAdY7arVg], cluster name [sonarqube], roles [ingest, data_frozen, ml, data_hot, transform, data_content, data_warm, master, remote_cluster_client, data, data_cold]
2023.11.29 14:53:39 INFO  es[][o.e.x.s.Security] Security is disabled
2023.11.29 14:53:39 INFO  es[][o.e.t.n.NettyAllocator] creating NettyAllocator with the following configs: [name=unpooled, suggested_max_allocation_size=1mb, factors={es.unsafe.use_unpooled_allocator=null, g1gc_enabled=true, g1gc_region_size=4mb, heap_size=512mb}]
2023.11.29 14:53:39 INFO  es[][o.e.i.r.RecoverySettings] using rate limit [40mb] with [default=40mb, read=0b, write=0b, max=0b]
2023.11.29 14:53:40 INFO  es[][o.e.d.DiscoveryModule] using discovery type [single-node] and seed hosts providers [settings]
2023.11.29 14:53:42 INFO  es[][o.e.n.Node] initialized
2023.11.29 14:53:42 INFO  es[][o.e.n.Node] starting ...
2023.11.29 14:53:42 INFO  es[][o.e.t.TransportService] publish_address {127.0.0.1:45945}, bound_addresses {127.0.0.1:45945}
2023.11.29 14:53:43 INFO  es[][o.e.b.BootstrapChecks] explicitly enforcing bootstrap checks
2023.11.29 14:53:43 INFO  es[][o.e.c.c.ClusterBootstrapService] this node is locked into cluster UUID [TykM8YCFQ9-7F7s_AMcNeA] and will not attempt further cluster bootstrapping
2023.11.29 14:53:43 INFO  es[][o.e.c.s.MasterService] elected-as-master ([1] nodes joined in term 2)[_FINISH_ELECTION_, {sonarqube}{JeNYU0nzQ5SkQNAdY7arVg}{N27-6GaIS1CK2bPwtW01SA}{sonarqube}{127.0.0.1}{127.0.0.1:45945}{cdfhilmrstw}{8.11.0}{7000099-8500003} completing election], term: 2, version: 42, delta: master node changed {previous [], current [{sonarqube}{JeNYU0nzQ5SkQNAdY7arVg}{N27-6GaIS1CK2bPwtW01SA}{sonarqube}{127.0.0.1}{127.0.0.1:45945}{cdfhilmrstw}{8.11.0}{7000099-8500003}]}
2023.11.29 14:53:43 INFO  es[][o.e.c.s.ClusterApplierService] master node changed {previous [], current [{sonarqube}{JeNYU0nzQ5SkQNAdY7arVg}{N27-6GaIS1CK2bPwtW01SA}{sonarqube}{127.0.0.1}{127.0.0.1:45945}{cdfhilmrstw}{8.11.0}{7000099-8500003}]}, term: 2, version: 42, reason: Publication{term=2, version=42}
2023.11.29 14:53:43 INFO  es[][o.e.c.f.AbstractFileWatchingService] starting file watcher ...
2023.11.29 14:53:43 INFO  es[][o.e.c.f.AbstractFileWatchingService] file settings service up and running [tid=28]
2023.11.29 14:53:43 INFO  es[][o.e.h.AbstractHttpServerTransport] publish_address {127.0.0.1:9001}, bound_addresses {127.0.0.1:9001}
2023.11.29 14:53:43 INFO  es[][o.e.n.Node] started {sonarqube}{JeNYU0nzQ5SkQNAdY7arVg}{N27-6GaIS1CK2bPwtW01SA}{sonarqube}{127.0.0.1}{127.0.0.1:45945}{cdfhilmrstw}{8.11.0}{7000099-8500003}{rack_id=sonarqube, xpack.installed=true}
2023.11.29 14:53:43 INFO  es[][o.e.c.c.NodeJoinExecutor] node-join: [{sonarqube}{JeNYU0nzQ5SkQNAdY7arVg}{N27-6GaIS1CK2bPwtW01SA}{sonarqube}{127.0.0.1}{127.0.0.1:45945}{cdfhilmrstw}{8.11.0}{7000099-8500003}] with reason [completing election]
2023.11.29 14:53:44 INFO  es[][o.e.l.ClusterStateLicenseService] license [fef00334-6291-48aa-b4e6-ef55e8af6d44] mode [basic] - valid
2023.11.29 14:53:44 INFO  es[][o.e.g.GatewayService] recovered [6] indices into cluster_state
2023.11.29 14:53:44 INFO  es[][o.e.h.n.s.HealthNodeTaskExecutor] Node [{sonarqube}{JeNYU0nzQ5SkQNAdY7arVg}] is selected as the current health node.
2023.11.29 14:53:44 INFO  es[][o.e.i.m.MapperService] reloading search analyzers
2023.11.29 14:53:45 INFO  es[][o.e.i.m.MapperService] reloading search analyzers
2023.11.29 14:53:45 INFO  es[][o.e.i.m.MapperService] reloading search analyzers
2023.11.29 14:53:45 INFO  es[][o.e.i.m.MapperService] reloading search analyzers
2023.11.29 14:53:45 INFO  es[][o.e.i.m.MapperService] reloading search analyzers
2023.11.29 14:53:46 INFO  es[][o.e.i.m.MapperService] reloading search analyzers
2023.11.29 14:53:46 INFO  es[][o.e.c.r.a.AllocationService] current.health="GREEN" message="Cluster health status changed from [RED] to [GREEN] (reason: [shards started [[metadatas][0]]])." previous.health="RED" reason="shards started [[metadatas][0]]"
2023.11.29 14:54:37 INFO  es[][o.e.n.Node] stopping ...
2023.11.29 14:54:37 INFO  es[][o.e.c.f.AbstractFileWatchingService] shutting down watcher thread
2023.11.29 14:54:37 INFO  es[][o.e.c.f.AbstractFileWatchingService] watcher service stopped
2023.11.29 14:54:37 INFO  es[][o.e.n.Node] stopped
2023.11.29 14:54:37 INFO  es[][o.e.n.Node] closing ...
2023.11.29 14:54:37 INFO  es[][o.e.n.Node] closed
2023.11.29 14:55:15 INFO  es[][o.e.n.Node] version[8.11.0], pid[79], build[tar/d9ec3fa628c7b0ba3d25692e277ba26814820b20/2023-11-04T10:04:57.184859352Z], OS[Linux/5.14.0-383.el9.x86_64/amd64], JVM[Eclipse Adoptium/OpenJDK 64-Bit Server VM/17.0.9/17.0.9+9]
2023.11.29 14:55:15 INFO  es[][o.e.n.Node] JVM home [/opt/java/openjdk], using bundled JDK [false]
2023.11.29 14:55:15 INFO  es[][o.e.n.Node] JVM arguments [-Des.networkaddress.cache.ttl=60, -Des.networkaddress.cache.negative.ttl=10, -Djava.security.manager=allow, -XX:+AlwaysPreTouch, -Xss1m, -Djava.awt.headless=true, -Dfile.encoding=UTF-8, -Djna.nosys=true, -XX:-OmitStackTraceInFastThrow, -Dio.netty.noUnsafe=true, -Dio.netty.noKeySetOptimization=true, -Dio.netty.recycler.maxCapacityPerThread=0, -Dlog4j.shutdownHookEnabled=false, -Dlog4j2.disable.jmx=true, -Dlog4j2.formatMsgNoLookups=true, -Djava.locale.providers=SPI,COMPAT, --add-opens=java.base/java.io=org.elasticsearch.preallocate, -XX:+UseG1GC, -Djava.io.tmpdir=/opt/sonarqube/temp, -XX:ErrorFile=/opt/sonarqube/logs/es_hs_err_pid%p.log, -Xlog:disable, -Des.networkaddress.cache.ttl=60, -Des.networkaddress.cache.negative.ttl=10, -XX:+AlwaysPreTouch, -Xss1m, -Djava.awt.headless=true, -Dfile.encoding=UTF-8, -Djna.nosys=true, -Djna.tmpdir=/opt/sonarqube/temp, -XX:-OmitStackTraceInFastThrow, -Dio.netty.noUnsafe=true, -Dio.netty.noKeySetOptimization=true, -Dio.netty.recycler.maxCapacityPerThread=0, -Dio.netty.allocator.numDirectArenas=0, -Dlog4j.shutdownHookEnabled=false, -Dlog4j2.disable.jmx=true, -Dlog4j2.formatMsgNoLookups=true, -Djava.locale.providers=COMPAT, -Dcom.redhat.fips=false, -Des.enforce.bootstrap.checks=true, -Xmx512m, -Xms512m, -XX:MaxDirectMemorySize=256m, -XX:+HeapDumpOnOutOfMemoryError, -XX:G1HeapRegionSize=4m, -XX:InitiatingHeapOccupancyPercent=30, -XX:G1ReservePercent=15, -Des.distribution.type=tar, --module-path=/opt/sonarqube/elasticsearch/lib, --add-modules=jdk.net, --add-modules=ALL-MODULE-PATH, -Djdk.module.main=org.elasticsearch.server]
2023.11.29 14:55:17 INFO  es[][o.e.p.PluginsService] loaded module [lang-painless]
2023.11.29 14:55:17 INFO  es[][o.e.p.PluginsService] loaded module [x-pack-core]
2023.11.29 14:55:17 INFO  es[][o.e.p.PluginsService] loaded module [old-lucene-versions]
2023.11.29 14:55:17 INFO  es[][o.e.p.PluginsService] loaded module [parent-join]
2023.11.29 14:55:17 INFO  es[][o.e.p.PluginsService] loaded module [rest-root]
2023.11.29 14:55:17 INFO  es[][o.e.p.PluginsService] loaded module [reindex]
2023.11.29 14:55:17 INFO  es[][o.e.p.PluginsService] loaded module [x-pack-redact]
2023.11.29 14:55:17 INFO  es[][o.e.p.PluginsService] loaded module [analysis-common]
2023.11.29 14:55:17 INFO  es[][o.e.p.PluginsService] loaded module [x-pack-security]
2023.11.29 14:55:17 INFO  es[][o.e.p.PluginsService] loaded module [transport-netty4]
2023.11.29 14:55:17 INFO  es[][o.e.p.PluginsService] loaded module [aggregations]
2023.11.29 14:55:17 INFO  es[][o.e.p.PluginsService] loaded module [apm]
2023.11.29 14:55:22 INFO  es[][o.e.e.NodeEnvironment] using [1] data paths, mounts [[/opt/sonarqube/data (/dev/mapper/cs-root)]], net usable_space [10.9gb], net total_space [16.9gb], types [xfs]
2023.11.29 14:55:22 INFO  es[][o.e.e.NodeEnvironment] heap size [512mb], compressed ordinary object pointers [true]
2023.11.29 14:55:22 INFO  es[][o.e.n.Node] node name [sonarqube], node ID [JeNYU0nzQ5SkQNAdY7arVg], cluster name [sonarqube], roles [ingest, data_cold, data, remote_cluster_client, master, data_warm, data_content, transform, data_hot, ml, data_frozen]
2023.11.29 14:55:23 INFO  es[][o.e.x.s.Security] Security is disabled
2023.11.29 14:55:24 INFO  es[][o.e.t.n.NettyAllocator] creating NettyAllocator with the following configs: [name=unpooled, suggested_max_allocation_size=1mb, factors={es.unsafe.use_unpooled_allocator=null, g1gc_enabled=true, g1gc_region_size=4mb, heap_size=512mb}]
2023.11.29 14:55:24 INFO  es[][o.e.i.r.RecoverySettings] using rate limit [40mb] with [default=40mb, read=0b, write=0b, max=0b]
2023.11.29 14:55:24 INFO  es[][o.e.d.DiscoveryModule] using discovery type [single-node] and seed hosts providers [settings]
2023.11.29 14:55:25 INFO  es[][o.e.n.Node] initialized
2023.11.29 14:55:25 INFO  es[][o.e.n.Node] starting ...
2023.11.29 14:55:25 INFO  es[][o.e.t.TransportService] publish_address {127.0.0.1:33105}, bound_addresses {127.0.0.1:33105}
2023.11.29 14:55:26 INFO  es[][o.e.b.BootstrapChecks] explicitly enforcing bootstrap checks
2023.11.29 14:55:26 INFO  es[][o.e.c.c.ClusterBootstrapService] this node is locked into cluster UUID [TykM8YCFQ9-7F7s_AMcNeA] and will not attempt further cluster bootstrapping
2023.11.29 14:55:26 INFO  es[][o.e.c.s.MasterService] elected-as-master ([1] nodes joined in term 3)[_FINISH_ELECTION_, {sonarqube}{JeNYU0nzQ5SkQNAdY7arVg}{OPzHEXGQSCGsmiTq0rxZ0Q}{sonarqube}{127.0.0.1}{127.0.0.1:33105}{cdfhilmrstw}{8.11.0}{7000099-8500003} completing election], term: 3, version: 72, delta: master node changed {previous [], current [{sonarqube}{JeNYU0nzQ5SkQNAdY7arVg}{OPzHEXGQSCGsmiTq0rxZ0Q}{sonarqube}{127.0.0.1}{127.0.0.1:33105}{cdfhilmrstw}{8.11.0}{7000099-8500003}]}
2023.11.29 14:55:26 INFO  es[][o.e.c.s.ClusterApplierService] master node changed {previous [], current [{sonarqube}{JeNYU0nzQ5SkQNAdY7arVg}{OPzHEXGQSCGsmiTq0rxZ0Q}{sonarqube}{127.0.0.1}{127.0.0.1:33105}{cdfhilmrstw}{8.11.0}{7000099-8500003}]}, term: 3, version: 72, reason: Publication{term=3, version=72}
2023.11.29 14:55:26 INFO  es[][o.e.c.f.AbstractFileWatchingService] starting file watcher ...
2023.11.29 14:55:26 INFO  es[][o.e.c.f.AbstractFileWatchingService] file settings service up and running [tid=28]
2023.11.29 14:55:26 INFO  es[][o.e.h.AbstractHttpServerTransport] publish_address {127.0.0.1:9001}, bound_addresses {127.0.0.1:9001}
2023.11.29 14:55:26 INFO  es[][o.e.n.Node] started {sonarqube}{JeNYU0nzQ5SkQNAdY7arVg}{OPzHEXGQSCGsmiTq0rxZ0Q}{sonarqube}{127.0.0.1}{127.0.0.1:33105}{cdfhilmrstw}{8.11.0}{7000099-8500003}{xpack.installed=true, rack_id=sonarqube}
2023.11.29 14:55:26 INFO  es[][o.e.c.c.NodeJoinExecutor] node-join: [{sonarqube}{JeNYU0nzQ5SkQNAdY7arVg}{OPzHEXGQSCGsmiTq0rxZ0Q}{sonarqube}{127.0.0.1}{127.0.0.1:33105}{cdfhilmrstw}{8.11.0}{7000099-8500003}] with reason [completing election]
2023.11.29 14:55:27 INFO  es[][o.e.l.ClusterStateLicenseService] license [fef00334-6291-48aa-b4e6-ef55e8af6d44] mode [basic] - valid
2023.11.29 14:55:27 INFO  es[][o.e.g.GatewayService] recovered [6] indices into cluster_state
2023.11.29 14:55:27 INFO  es[][o.e.n.Node] stopping ...
2023.11.29 14:55:27 INFO  es[][o.e.c.f.AbstractFileWatchingService] shutting down watcher thread
2023.11.29 14:55:27 INFO  es[][o.e.c.f.AbstractFileWatchingService] watcher service stopped
2023.11.29 14:55:27 INFO  es[][o.e.n.Node] stopped
2023.11.29 14:55:27 INFO  es[][o.e.n.Node] closing ...
2023.11.29 14:55:27 INFO  es[][o.e.n.Node] closed
2023.11.29 14:55:27 WARN  es[][o.e.g.G.InternalPrimaryShardAllocator] [projectmeasures][4]: failed to list shard for shard_started on node [JeNYU0nzQ5SkQNAdY7arVg]
org.elasticsearch.action.FailedNodeException: Failed node [JeNYU0nzQ5SkQNAdY7arVg]
	at org.elasticsearch.action.support.nodes.TransportNodesAction$1.onItemFailure(TransportNodesAction.java:135) ~[elasticsearch-8.11.0.jar:?]
	at org.elasticsearch.action.support.nodes.TransportNodesAction$1.onItemFailure(TransportNodesAction.java:97) ~[elasticsearch-8.11.0.jar:?]
	at org.elasticsearch.action.support.CancellableFanOut$1.onFailure(CancellableFanOut.java:113) ~[elasticsearch-8.11.0.jar:?]
	at org.elasticsearch.action.ActionListenerImplementations.safeAcceptException(ActionListenerImplementations.java:62) ~[elasticsearch-8.11.0.jar:?]
	at org.elasticsearch.action.ActionListenerImplementations.safeOnFailure(ActionListenerImplementations.java:73) ~[elasticsearch-8.11.0.jar:?]
	at org.elasticsearch.action.ActionListenerImplementations$NotifyOnceActionListener.onFailure(ActionListenerImplementations.java:338) ~[elasticsearch-8.11.0.jar:?]
	at org.elasticsearch.action.ActionListenerImplementations.safeAcceptException(ActionListenerImplementations.java:62) ~[elasticsearch-8.11.0.jar:?]
	at org.elasticsearch.action.ActionListenerImplementations.safeOnFailure(ActionListenerImplementations.java:73) ~[elasticsearch-8.11.0.jar:?]
	at org.elasticsearch.action.DelegatingActionListener.onFailure(DelegatingActionListener.java:27) ~[elasticsearch-8.11.0.jar:?]
	at org.elasticsearch.action.ActionListenerImplementations$RunAfterActionListener.onFailure(ActionListenerImplementations.java:269) ~[elasticsearch-8.11.0.jar:?]
	at org.elasticsearch.action.ActionListenerResponseHandler.handleException(ActionListenerResponseHandler.java:54) ~[elasticsearch-8.11.0.jar:?]
	at org.elasticsearch.transport.TransportService$ContextRestoreResponseHandler.handleException(TransportService.java:1421) ~[elasticsearch-8.11.0.jar:?]
	at org.elasticsearch.transport.TransportService$4.doRun(TransportService.java:387) ~[elasticsearch-8.11.0.jar:?]
	at org.elasticsearch.common.util.concurrent.ThreadContext$ContextPreservingAbstractRunnable.doRun(ThreadContext.java:983) ~[elasticsearch-8.11.0.jar:?]
	at org.elasticsearch.common.util.concurrent.AbstractRunnable.run(AbstractRunnable.java:26) ~[elasticsearch-8.11.0.jar:?]
	at java.util.concurrent.ThreadPoolExecutor.runWorker(Unknown Source) ~[?:?]
	at java.util.concurrent.ThreadPoolExecutor$Worker.run(Unknown Source) ~[?:?]
	at java.lang.Thread.run(Unknown Source) ~[?:?]
Caused by: org.elasticsearch.transport.SendRequestTransportException: [sonarqube][127.0.0.1:33105][internal:gateway/local/started_shards[n]]
	at org.elasticsearch.transport.TransportService.doStop(TransportService.java:377) ~[elasticsearch-8.11.0.jar:?]
	at org.elasticsearch.common.component.AbstractLifecycleComponent.stop(AbstractLifecycleComponent.java:80) ~[elasticsearch-8.11.0.jar:?]
	at org.elasticsearch.node.Node.stopIfStarted(Node.java:1667) ~[elasticsearch-8.11.0.jar:?]
	at org.elasticsearch.node.Node.stopIfStarted(Node.java:1661) ~[elasticsearch-8.11.0.jar:?]
	at org.elasticsearch.node.Node.stop(Node.java:1651) ~[elasticsearch-8.11.0.jar:?]
	at org.elasticsearch.node.Node.close(Node.java:1679) ~[elasticsearch-8.11.0.jar:?]
	at org.elasticsearch.core.IOUtils.close(IOUtils.java:71) ~[elasticsearch-core-8.11.0.jar:?]
	at org.elasticsearch.core.IOUtils.close(IOUtils.java:87) ~[elasticsearch-core-8.11.0.jar:?]
	at org.elasticsearch.core.IOUtils.close(IOUtils.java:63) ~[elasticsearch-core-8.11.0.jar:?]
	at org.elasticsearch.bootstrap.Elasticsearch.shutdown(Elasticsearch.java:469) ~[elasticsearch-8.11.0.jar:?]
	... 1 more
Caused by: org.elasticsearch.node.NodeClosedException: node closed {sonarqube}{JeNYU0nzQ5SkQNAdY7arVg}{OPzHEXGQSCGsmiTq0rxZ0Q}{sonarqube}{127.0.0.1}{127.0.0.1:33105}{cdfhilmrstw}{8.11.0}{7000099-8500003}{xpack.installed=true, rack_id=sonarqube}
	at org.elasticsearch.transport.TransportService.doStop(TransportService.java:377) ~[elasticsearch-8.11.0.jar:?]
	at org.elasticsearch.common.component.AbstractLifecycleComponent.stop(AbstractLifecycleComponent.java:80) ~[elasticsearch-8.11.0.jar:?]
	at org.elasticsearch.node.Node.stopIfStarted(Node.java:1667) ~[elasticsearch-8.11.0.jar:?]
	at org.elasticsearch.node.Node.stopIfStarted(Node.java:1661) ~[elasticsearch-8.11.0.jar:?]
	at org.elasticsearch.node.Node.stop(Node.java:1651) ~[elasticsearch-8.11.0.jar:?]
	at org.elasticsearch.node.Node.close(Node.java:1679) ~[elasticsearch-8.11.0.jar:?]
	at org.elasticsearch.core.IOUtils.close(IOUtils.java:71) ~[elasticsearch-core-8.11.0.jar:?]
	at org.elasticsearch.core.IOUtils.close(IOUtils.java:87) ~[elasticsearch-core-8.11.0.jar:?]
	at org.elasticsearch.core.IOUtils.close(IOUtils.java:63) ~[elasticsearch-core-8.11.0.jar:?]
	at org.elasticsearch.bootstrap.Elasticsearch.shutdown(Elasticsearch.java:469) ~[elasticsearch-8.11.0.jar:?]
	... 1 more
2023.11.29 14:55:27 WARN  es[][o.e.g.G.InternalPrimaryShardAllocator] [projectmeasures][3]: failed to list shard for shard_started on node [JeNYU0nzQ5SkQNAdY7arVg]
org.elasticsearch.action.FailedNodeException: Failed node [JeNYU0nzQ5SkQNAdY7arVg]
	at org.elasticsearch.action.support.nodes.TransportNodesAction$1.onItemFailure(TransportNodesAction.java:135) ~[elasticsearch-8.11.0.jar:?]
	at org.elasticsearch.action.support.nodes.TransportNodesAction$1.onItemFailure(TransportNodesAction.java:97) ~[elasticsearch-8.11.0.jar:?]
	at org.elasticsearch.action.support.CancellableFanOut$1.onFailure(CancellableFanOut.java:113) ~[elasticsearch-8.11.0.jar:?]
	at org.elasticsearch.action.ActionListenerImplementations.safeAcceptException(ActionListenerImplementations.java:62) ~[elasticsearch-8.11.0.jar:?]
	at org.elasticsearch.action.ActionListenerImplementations.safeOnFailure(ActionListenerImplementations.java:73) ~[elasticsearch-8.11.0.jar:?]
	at org.elasticsearch.action.ActionListenerImplementations$NotifyOnceActionListener.onFailure(ActionListenerImplementations.java:338) ~[elasticsearch-8.11.0.jar:?]
	at org.elasticsearch.action.ActionListenerImplementations.safeAcceptException(ActionListenerImplementations.java:62) ~[elasticsearch-8.11.0.jar:?]
	at org.elasticsearch.action.ActionListenerImplementations.safeOnFailure(ActionListenerImplementations.java:73) ~[elasticsearch-8.11.0.jar:?]
	at org.elasticsearch.action.DelegatingActionListener.onFailure(DelegatingActionListener.java:27) ~[elasticsearch-8.11.0.jar:?]
	at org.elasticsearch.action.ActionListenerImplementations$RunAfterActionListener.onFailure(ActionListenerImplementations.java:269) ~[elasticsearch-8.11.0.jar:?]
	at org.elasticsearch.action.ActionListenerResponseHandler.handleException(ActionListenerResponseHandler.java:54) ~[elasticsearch-8.11.0.jar:?]
	at org.elasticsearch.transport.TransportService$ContextRestoreResponseHandler.handleException(TransportService.java:1421) ~[elasticsearch-8.11.0.jar:?]
	at org.elasticsearch.transport.TransportService$4.doRun(TransportService.java:387) ~[elasticsearch-8.11.0.jar:?]
	at org.elasticsearch.common.util.concurrent.ThreadContext$ContextPreservingAbstractRunnable.doRun(ThreadContext.java:983) ~[elasticsearch-8.11.0.jar:?]
	at org.elasticsearch.common.util.concurrent.AbstractRunnable.run(AbstractRunnable.java:26) ~[elasticsearch-8.11.0.jar:?]
	at java.util.concurrent.ThreadPoolExecutor.runWorker(Unknown Source) ~[?:?]
	at java.util.concurrent.ThreadPoolExecutor$Worker.run(Unknown Source) ~[?:?]
	at java.lang.Thread.run(Unknown Source) ~[?:?]
Caused by: org.elasticsearch.transport.SendRequestTransportException: [sonarqube][127.0.0.1:33105][internal:gateway/local/started_shards[n]]
	at org.elasticsearch.transport.TransportService.doStop(TransportService.java:377) ~[elasticsearch-8.11.0.jar:?]
	at org.elasticsearch.common.component.AbstractLifecycleComponent.stop(AbstractLifecycleComponent.java:80) ~[elasticsearch-8.11.0.jar:?]
	at org.elasticsearch.node.Node.stopIfStarted(Node.java:1667) ~[elasticsearch-8.11.0.jar:?]
	at org.elasticsearch.node.Node.stopIfStarted(Node.java:1661) ~[elasticsearch-8.11.0.jar:?]
	at org.elasticsearch.node.Node.stop(Node.java:1651) ~[elasticsearch-8.11.0.jar:?]
	at org.elasticsearch.node.Node.close(Node.java:1679) ~[elasticsearch-8.11.0.jar:?]
	at org.elasticsearch.core.IOUtils.close(IOUtils.java:71) ~[elasticsearch-core-8.11.0.jar:?]
	at org.elasticsearch.core.IOUtils.close(IOUtils.java:87) ~[elasticsearch-core-8.11.0.jar:?]
	at org.elasticsearch.core.IOUtils.close(IOUtils.java:63) ~[elasticsearch-core-8.11.0.jar:?]
	at org.elasticsearch.bootstrap.Elasticsearch.shutdown(Elasticsearch.java:469) ~[elasticsearch-8.11.0.jar:?]
	... 1 more
Caused by: org.elasticsearch.node.NodeClosedException: node closed {sonarqube}{JeNYU0nzQ5SkQNAdY7arVg}{OPzHEXGQSCGsmiTq0rxZ0Q}{sonarqube}{127.0.0.1}{127.0.0.1:33105}{cdfhilmrstw}{8.11.0}{7000099-8500003}{xpack.installed=true, rack_id=sonarqube}
	at org.elasticsearch.transport.TransportService.doStop(TransportService.java:377) ~[elasticsearch-8.11.0.jar:?]
	at org.elasticsearch.common.component.AbstractLifecycleComponent.stop(AbstractLifecycleComponent.java:80) ~[elasticsearch-8.11.0.jar:?]
	at org.elasticsearch.node.Node.stopIfStarted(Node.java:1667) ~[elasticsearch-8.11.0.jar:?]
	at org.elasticsearch.node.Node.stopIfStarted(Node.java:1661) ~[elasticsearch-8.11.0.jar:?]
	at org.elasticsearch.node.Node.stop(Node.java:1651) ~[elasticsearch-8.11.0.jar:?]
	at org.elasticsearch.node.Node.close(Node.java:1679) ~[elasticsearch-8.11.0.jar:?]
	at org.elasticsearch.core.IOUtils.close(IOUtils.java:71) ~[elasticsearch-core-8.11.0.jar:?]
	at org.elasticsearch.core.IOUtils.close(IOUtils.java:87) ~[elasticsearch-core-8.11.0.jar:?]
	at org.elasticsearch.core.IOUtils.close(IOUtils.java:63) ~[elasticsearch-core-8.11.0.jar:?]
	at org.elasticsearch.bootstrap.Elasticsearch.shutdown(Elasticsearch.java:469) ~[elasticsearch-8.11.0.jar:?]
	... 1 more
2023.11.29 14:55:27 WARN  es[][o.e.g.G.InternalPrimaryShardAllocator] [components][0]: failed to list shard for shard_started on node [JeNYU0nzQ5SkQNAdY7arVg]
org.elasticsearch.action.FailedNodeException: Failed node [JeNYU0nzQ5SkQNAdY7arVg]
	at org.elasticsearch.action.support.nodes.TransportNodesAction$1.onItemFailure(TransportNodesAction.java:135) ~[elasticsearch-8.11.0.jar:?]
	at org.elasticsearch.action.support.nodes.TransportNodesAction$1.onItemFailure(TransportNodesAction.java:97) ~[elasticsearch-8.11.0.jar:?]
	at org.elasticsearch.action.support.CancellableFanOut$1.onFailure(CancellableFanOut.java:113) ~[elasticsearch-8.11.0.jar:?]
	at org.elasticsearch.action.ActionListenerImplementations.safeAcceptException(ActionListenerImplementations.java:62) ~[elasticsearch-8.11.0.jar:?]
	at org.elasticsearch.action.ActionListenerImplementations.safeOnFailure(ActionListenerImplementations.java:73) ~[elasticsearch-8.11.0.jar:?]
	at org.elasticsearch.action.ActionListenerImplementations$NotifyOnceActionListener.onFailure(ActionListenerImplementations.java:338) ~[elasticsearch-8.11.0.jar:?]
	at org.elasticsearch.action.ActionListenerImplementations.safeAcceptException(ActionListenerImplementations.java:62) ~[elasticsearch-8.11.0.jar:?]
	at org.elasticsearch.action.ActionListenerImplementations.safeOnFailure(ActionListenerImplementations.java:73) ~[elasticsearch-8.11.0.jar:?]
	at org.elasticsearch.action.DelegatingActionListener.onFailure(DelegatingActionListener.java:27) ~[elasticsearch-8.11.0.jar:?]
	at org.elasticsearch.action.ActionListenerImplementations$RunAfterActionListener.onFailure(ActionListenerImplementations.java:269) ~[elasticsearch-8.11.0.jar:?]
	at org.elasticsearch.action.ActionListenerResponseHandler.handleException(ActionListenerResponseHandler.java:54) ~[elasticsearch-8.11.0.jar:?]
	at org.elasticsearch.transport.TransportService$ContextRestoreResponseHandler.handleException(TransportService.java:1421) ~[elasticsearch-8.11.0.jar:?]
	at org.elasticsearch.transport.TransportService$4.doRun(TransportService.java:387) ~[elasticsearch-8.11.0.jar:?]
	at org.elasticsearch.common.util.concurrent.ThreadContext$ContextPreservingAbstractRunnable.doRun(ThreadContext.java:983) ~[elasticsearch-8.11.0.jar:?]
	at org.elasticsearch.common.util.concurrent.AbstractRunnable.run(AbstractRunnable.java:26) ~[elasticsearch-8.11.0.jar:?]
	at java.util.concurrent.ThreadPoolExecutor.runWorker(Unknown Source) ~[?:?]
	at java.util.concurrent.ThreadPoolExecutor$Worker.run(Unknown Source) ~[?:?]
	at java.lang.Thread.run(Unknown Source) ~[?:?]
Caused by: org.elasticsearch.transport.SendRequestTransportException: [sonarqube][127.0.0.1:33105][internal:gateway/local/started_shards[n]]
	at org.elasticsearch.transport.TransportService.doStop(TransportService.java:377) ~[elasticsearch-8.11.0.jar:?]
	at org.elasticsearch.common.component.AbstractLifecycleComponent.stop(AbstractLifecycleComponent.java:80) ~[elasticsearch-8.11.0.jar:?]
	at org.elasticsearch.node.Node.stopIfStarted(Node.java:1667) ~[elasticsearch-8.11.0.jar:?]
	at org.elasticsearch.node.Node.stopIfStarted(Node.java:1661) ~[elasticsearch-8.11.0.jar:?]
	at org.elasticsearch.node.Node.stop(Node.java:1651) ~[elasticsearch-8.11.0.jar:?]
	at org.elasticsearch.node.Node.close(Node.java:1679) ~[elasticsearch-8.11.0.jar:?]
	at org.elasticsearch.core.IOUtils.close(IOUtils.java:71) ~[elasticsearch-core-8.11.0.jar:?]
	at org.elasticsearch.core.IOUtils.close(IOUtils.java:87) ~[elasticsearch-core-8.11.0.jar:?]
	at org.elasticsearch.core.IOUtils.close(IOUtils.java:63) ~[elasticsearch-core-8.11.0.jar:?]
	at org.elasticsearch.bootstrap.Elasticsearch.shutdown(Elasticsearch.java:469) ~[elasticsearch-8.11.0.jar:?]
	... 1 more
Caused by: org.elasticsearch.node.NodeClosedException: node closed {sonarqube}{JeNYU0nzQ5SkQNAdY7arVg}{OPzHEXGQSCGsmiTq0rxZ0Q}{sonarqube}{127.0.0.1}{127.0.0.1:33105}{cdfhilmrstw}{8.11.0}{7000099-8500003}{xpack.installed=true, rack_id=sonarqube}
	at org.elasticsearch.transport.TransportService.doStop(TransportService.java:377) ~[elasticsearch-8.11.0.jar:?]
	at org.elasticsearch.common.component.AbstractLifecycleComponent.stop(AbstractLifecycleComponent.java:80) ~[elasticsearch-8.11.0.jar:?]
	at org.elasticsearch.node.Node.stopIfStarted(Node.java:1667) ~[elasticsearch-8.11.0.jar:?]
	at org.elasticsearch.node.Node.stopIfStarted(Node.java:1661) ~[elasticsearch-8.11.0.jar:?]
	at org.elasticsearch.node.Node.stop(Node.java:1651) ~[elasticsearch-8.11.0.jar:?]
	at org.elasticsearch.node.Node.close(Node.java:1679) ~[elasticsearch-8.11.0.jar:?]
	at org.elasticsearch.core.IOUtils.close(IOUtils.java:71) ~[elasticsearch-core-8.11.0.jar:?]
	at org.elasticsearch.core.IOUtils.close(IOUtils.java:87) ~[elasticsearch-core-8.11.0.jar:?]
	at org.elasticsearch.core.IOUtils.close(IOUtils.java:63) ~[elasticsearch-core-8.11.0.jar:?]
	at org.elasticsearch.bootstrap.Elasticsearch.shutdown(Elasticsearch.java:469) ~[elasticsearch-8.11.0.jar:?]
	... 1 more
2023.11.29 14:55:27 WARN  es[][o.e.g.G.InternalPrimaryShardAllocator] [components][1]: failed to list shard for shard_started on node [JeNYU0nzQ5SkQNAdY7arVg]
org.elasticsearch.action.FailedNodeException: Failed node [JeNYU0nzQ5SkQNAdY7arVg]
	at org.elasticsearch.action.support.nodes.TransportNodesAction$1.onItemFailure(TransportNodesAction.java:135) ~[elasticsearch-8.11.0.jar:?]
	at org.elasticsearch.action.support.nodes.TransportNodesAction$1.onItemFailure(TransportNodesAction.java:97) ~[elasticsearch-8.11.0.jar:?]
	at org.elasticsearch.action.support.CancellableFanOut$1.onFailure(CancellableFanOut.java:113) ~[elasticsearch-8.11.0.jar:?]
	at org.elasticsearch.action.ActionListenerImplementations.safeAcceptException(ActionListenerImplementations.java:62) ~[elasticsearch-8.11.0.jar:?]
	at org.elasticsearch.action.ActionListenerImplementations.safeOnFailure(ActionListenerImplementations.java:73) ~[elasticsearch-8.11.0.jar:?]
	at org.elasticsearch.action.ActionListenerImplementations$NotifyOnceActionListener.onFailure(ActionListenerImplementations.java:338) ~[elasticsearch-8.11.0.jar:?]
	at org.elasticsearch.action.ActionListenerImplementations.safeAcceptException(ActionListenerImplementations.java:62) ~[elasticsearch-8.11.0.jar:?]
	at org.elasticsearch.action.ActionListenerImplementations.safeOnFailure(ActionListenerImplementations.java:73) ~[elasticsearch-8.11.0.jar:?]
	at org.elasticsearch.action.DelegatingActionListener.onFailure(DelegatingActionListener.java:27) ~[elasticsearch-8.11.0.jar:?]
	at org.elasticsearch.action.ActionListenerImplementations$RunAfterActionListener.onFailure(ActionListenerImplementations.java:269) ~[elasticsearch-8.11.0.jar:?]
	at org.elasticsearch.action.ActionListenerResponseHandler.handleException(ActionListenerResponseHandler.java:54) ~[elasticsearch-8.11.0.jar:?]
	at org.elasticsearch.transport.TransportService$ContextRestoreResponseHandler.handleException(TransportService.java:1421) ~[elasticsearch-8.11.0.jar:?]
	at org.elasticsearch.transport.TransportService$4.doRun(TransportService.java:387) ~[elasticsearch-8.11.0.jar:?]
	at org.elasticsearch.common.util.concurrent.ThreadContext$ContextPreservingAbstractRunnable.doRun(ThreadContext.java:983) ~[elasticsearch-8.11.0.jar:?]
	at org.elasticsearch.common.util.concurrent.AbstractRunnable.run(AbstractRunnable.java:26) ~[elasticsearch-8.11.0.jar:?]
	at java.util.concurrent.ThreadPoolExecutor.runWorker(Unknown Source) ~[?:?]
	at java.util.concurrent.ThreadPoolExecutor$Worker.run(Unknown Source) ~[?:?]
	at java.lang.Thread.run(Unknown Source) ~[?:?]
Caused by: org.elasticsearch.transport.SendRequestTransportException: [sonarqube][127.0.0.1:33105][internal:gateway/local/started_shards[n]]
	at org.elasticsearch.transport.TransportService.doStop(TransportService.java:377) ~[elasticsearch-8.11.0.jar:?]
	at org.elasticsearch.common.component.AbstractLifecycleComponent.stop(AbstractLifecycleComponent.java:80) ~[elasticsearch-8.11.0.jar:?]
	at org.elasticsearch.node.Node.stopIfStarted(Node.java:1667) ~[elasticsearch-8.11.0.jar:?]
	at org.elasticsearch.node.Node.stopIfStarted(Node.java:1661) ~[elasticsearch-8.11.0.jar:?]
	at org.elasticsearch.node.Node.stop(Node.java:1651) ~[elasticsearch-8.11.0.jar:?]
	at org.elasticsearch.node.Node.close(Node.java:1679) ~[elasticsearch-8.11.0.jar:?]
	at org.elasticsearch.core.IOUtils.close(IOUtils.java:71) ~[elasticsearch-core-8.11.0.jar:?]
	at org.elasticsearch.core.IOUtils.close(IOUtils.java:87) ~[elasticsearch-core-8.11.0.jar:?]
	at org.elasticsearch.core.IOUtils.close(IOUtils.java:63) ~[elasticsearch-core-8.11.0.jar:?]
	at org.elasticsearch.bootstrap.Elasticsearch.shutdown(Elasticsearch.java:469) ~[elasticsearch-8.11.0.jar:?]
	... 1 more
Caused by: org.elasticsearch.node.NodeClosedException: node closed {sonarqube}{JeNYU0nzQ5SkQNAdY7arVg}{OPzHEXGQSCGsmiTq0rxZ0Q}{sonarqube}{127.0.0.1}{127.0.0.1:33105}{cdfhilmrstw}{8.11.0}{7000099-8500003}{xpack.installed=true, rack_id=sonarqube}
	at org.elasticsearch.transport.TransportService.doStop(TransportService.java:377) ~[elasticsearch-8.11.0.jar:?]
	at org.elasticsearch.common.component.AbstractLifecycleComponent.stop(AbstractLifecycleComponent.java:80) ~[elasticsearch-8.11.0.jar:?]
	at org.elasticsearch.node.Node.stopIfStarted(Node.java:1667) ~[elasticsearch-8.11.0.jar:?]
	at org.elasticsearch.node.Node.stopIfStarted(Node.java:1661) ~[elasticsearch-8.11.0.jar:?]
	at org.elasticsearch.node.Node.stop(Node.java:1651) ~[elasticsearch-8.11.0.jar:?]
	at org.elasticsearch.node.Node.close(Node.java:1679) ~[elasticsearch-8.11.0.jar:?]
	at org.elasticsearch.core.IOUtils.close(IOUtils.java:71) ~[elasticsearch-core-8.11.0.jar:?]
	at org.elasticsearch.core.IOUtils.close(IOUtils.java:87) ~[elasticsearch-core-8.11.0.jar:?]
	at org.elasticsearch.core.IOUtils.close(IOUtils.java:63) ~[elasticsearch-core-8.11.0.jar:?]
	at org.elasticsearch.bootstrap.Elasticsearch.shutdown(Elasticsearch.java:469) ~[elasticsearch-8.11.0.jar:?]
	... 1 more
2023.11.29 14:55:27 WARN  es[][o.e.g.G.InternalPrimaryShardAllocator] [components][2]: failed to list shard for shard_started on node [JeNYU0nzQ5SkQNAdY7arVg]
org.elasticsearch.action.FailedNodeException: Failed node [JeNYU0nzQ5SkQNAdY7arVg]
	at org.elasticsearch.action.support.nodes.TransportNodesAction$1.onItemFailure(TransportNodesAction.java:135) ~[elasticsearch-8.11.0.jar:?]
	at org.elasticsearch.action.support.nodes.TransportNodesAction$1.onItemFailure(TransportNodesAction.java:97) ~[elasticsearch-8.11.0.jar:?]
	at org.elasticsearch.action.support.CancellableFanOut$1.onFailure(CancellableFanOut.java:113) ~[elasticsearch-8.11.0.jar:?]
	at org.elasticsearch.action.ActionListenerImplementations.safeAcceptException(ActionListenerImplementations.java:62) ~[elasticsearch-8.11.0.jar:?]
	at org.elasticsearch.action.ActionListenerImplementations.safeOnFailure(ActionListenerImplementations.java:73) ~[elasticsearch-8.11.0.jar:?]
	at org.elasticsearch.action.ActionListenerImplementations$NotifyOnceActionListener.onFailure(ActionListenerImplementations.java:338) ~[elasticsearch-8.11.0.jar:?]
	at org.elasticsearch.action.ActionListenerImplementations.safeAcceptException(ActionListenerImplementations.java:62) ~[elasticsearch-8.11.0.jar:?]
	at org.elasticsearch.action.ActionListenerImplementations.safeOnFailure(ActionListenerImplementations.java:73) ~[elasticsearch-8.11.0.jar:?]
	at org.elasticsearch.action.DelegatingActionListener.onFailure(DelegatingActionListener.java:27) ~[elasticsearch-8.11.0.jar:?]
	at org.elasticsearch.action.ActionListenerImplementations$RunAfterActionListener.onFailure(ActionListenerImplementations.java:269) ~[elasticsearch-8.11.0.jar:?]
	at org.elasticsearch.action.ActionListenerResponseHandler.handleException(ActionListenerResponseHandler.java:54) ~[elasticsearch-8.11.0.jar:?]
	at org.elasticsearch.transport.TransportService$ContextRestoreResponseHandler.handleException(TransportService.java:1421) ~[elasticsearch-8.11.0.jar:?]
	at org.elasticsearch.transport.TransportService$4.doRun(TransportService.java:387) ~[elasticsearch-8.11.0.jar:?]
	at org.elasticsearch.common.util.concurrent.ThreadContext$ContextPreservingAbstractRunnable.doRun(ThreadContext.java:983) ~[elasticsearch-8.11.0.jar:?]
	at org.elasticsearch.common.util.concurrent.AbstractRunnable.run(AbstractRunnable.java:26) ~[elasticsearch-8.11.0.jar:?]
	at java.util.concurrent.ThreadPoolExecutor.runWorker(Unknown Source) ~[?:?]
	at java.util.concurrent.ThreadPoolExecutor$Worker.run(Unknown Source) ~[?:?]
	at java.lang.Thread.run(Unknown Source) ~[?:?]
Caused by: org.elasticsearch.transport.SendRequestTransportException: [sonarqube][127.0.0.1:33105][internal:gateway/local/started_shards[n]]
	at org.elasticsearch.transport.TransportService.doStop(TransportService.java:377) ~[elasticsearch-8.11.0.jar:?]
	at org.elasticsearch.common.component.AbstractLifecycleComponent.stop(AbstractLifecycleComponent.java:80) ~[elasticsearch-8.11.0.jar:?]
	at org.elasticsearch.node.Node.stopIfStarted(Node.java:1667) ~[elasticsearch-8.11.0.jar:?]
	at org.elasticsearch.node.Node.stopIfStarted(Node.java:1661) ~[elasticsearch-8.11.0.jar:?]
	at org.elasticsearch.node.Node.stop(Node.java:1651) ~[elasticsearch-8.11.0.jar:?]
	at org.elasticsearch.node.Node.close(Node.java:1679) ~[elasticsearch-8.11.0.jar:?]
	at org.elasticsearch.core.IOUtils.close(IOUtils.java:71) ~[elasticsearch-core-8.11.0.jar:?]
	at org.elasticsearch.core.IOUtils.close(IOUtils.java:87) ~[elasticsearch-core-8.11.0.jar:?]
	at org.elasticsearch.core.IOUtils.close(IOUtils.java:63) ~[elasticsearch-core-8.11.0.jar:?]
	at org.elasticsearch.bootstrap.Elasticsearch.shutdown(Elasticsearch.java:469) ~[elasticsearch-8.11.0.jar:?]
	... 1 more
Caused by: org.elasticsearch.node.NodeClosedException: node closed {sonarqube}{JeNYU0nzQ5SkQNAdY7arVg}{OPzHEXGQSCGsmiTq0rxZ0Q}{sonarqube}{127.0.0.1}{127.0.0.1:33105}{cdfhilmrstw}{8.11.0}{7000099-8500003}{xpack.installed=true, rack_id=sonarqube}
	at org.elasticsearch.transport.TransportService.doStop(TransportService.java:377) ~[elasticsearch-8.11.0.jar:?]
	at org.elasticsearch.common.component.AbstractLifecycleComponent.stop(AbstractLifecycleComponent.java:80) ~[elasticsearch-8.11.0.jar:?]
	at org.elasticsearch.node.Node.stopIfStarted(Node.java:1667) ~[elasticsearch-8.11.0.jar:?]
	at org.elasticsearch.node.Node.stopIfStarted(Node.java:1661) ~[elasticsearch-8.11.0.jar:?]
	at org.elasticsearch.node.Node.stop(Node.java:1651) ~[elasticsearch-8.11.0.jar:?]
	at org.elasticsearch.node.Node.close(Node.java:1679) ~[elasticsearch-8.11.0.jar:?]
	at org.elasticsearch.core.IOUtils.close(IOUtils.java:71) ~[elasticsearch-core-8.11.0.jar:?]
	at org.elasticsearch.core.IOUtils.close(IOUtils.java:87) ~[elasticsearch-core-8.11.0.jar:?]
	at org.elasticsearch.core.IOUtils.close(IOUtils.java:63) ~[elasticsearch-core-8.11.0.jar:?]
	at org.elasticsearch.bootstrap.Elasticsearch.shutdown(Elasticsearch.java:469) ~[elasticsearch-8.11.0.jar:?]
	... 1 more
2023.11.29 14:55:27 WARN  es[][o.e.g.G.InternalPrimaryShardAllocator] [components][3]: failed to list shard for shard_started on node [JeNYU0nzQ5SkQNAdY7arVg]
org.elasticsearch.action.FailedNodeException: Failed node [JeNYU0nzQ5SkQNAdY7arVg]
	at org.elasticsearch.action.support.nodes.TransportNodesAction$1.onItemFailure(TransportNodesAction.java:135) ~[elasticsearch-8.11.0.jar:?]
	at org.elasticsearch.action.support.nodes.TransportNodesAction$1.onItemFailure(TransportNodesAction.java:97) ~[elasticsearch-8.11.0.jar:?]
	at org.elasticsearch.action.support.CancellableFanOut$1.onFailure(CancellableFanOut.java:113) ~[elasticsearch-8.11.0.jar:?]
	at org.elasticsearch.action.ActionListenerImplementations.safeAcceptException(ActionListenerImplementations.java:62) ~[elasticsearch-8.11.0.jar:?]
	at org.elasticsearch.action.ActionListenerImplementations.safeOnFailure(ActionListenerImplementations.java:73) ~[elasticsearch-8.11.0.jar:?]
	at org.elasticsearch.action.ActionListenerImplementations$NotifyOnceActionListener.onFailure(ActionListenerImplementations.java:338) ~[elasticsearch-8.11.0.jar:?]
	at org.elasticsearch.action.ActionListenerImplementations.safeAcceptException(ActionListenerImplementations.java:62) ~[elasticsearch-8.11.0.jar:?]
	at org.elasticsearch.action.ActionListenerImplementations.safeOnFailure(ActionListenerImplementations.java:73) ~[elasticsearch-8.11.0.jar:?]
	at org.elasticsearch.action.DelegatingActionListener.onFailure(DelegatingActionListener.java:27) ~[elasticsearch-8.11.0.jar:?]
	at org.elasticsearch.action.ActionListenerImplementations$RunAfterActionListener.onFailure(ActionListenerImplementations.java:269) ~[elasticsearch-8.11.0.jar:?]
	at org.elasticsearch.action.ActionListenerResponseHandler.handleException(ActionListenerResponseHandler.java:54) ~[elasticsearch-8.11.0.jar:?]
	at org.elasticsearch.transport.TransportService$ContextRestoreResponseHandler.handleException(TransportService.java:1421) ~[elasticsearch-8.11.0.jar:?]
	at org.elasticsearch.transport.TransportService$4.doRun(TransportService.java:387) ~[elasticsearch-8.11.0.jar:?]
	at org.elasticsearch.common.util.concurrent.ThreadContext$ContextPreservingAbstractRunnable.doRun(ThreadContext.java:983) ~[elasticsearch-8.11.0.jar:?]
	at org.elasticsearch.common.util.concurrent.AbstractRunnable.run(AbstractRunnable.java:26) ~[elasticsearch-8.11.0.jar:?]
	at java.util.concurrent.ThreadPoolExecutor.runWorker(Unknown Source) ~[?:?]
	at java.util.concurrent.ThreadPoolExecutor$Worker.run(Unknown Source) ~[?:?]
	at java.lang.Thread.run(Unknown Source) ~[?:?]
Caused by: org.elasticsearch.transport.SendRequestTransportException: [sonarqube][127.0.0.1:33105][internal:gateway/local/started_shards[n]]
	at org.elasticsearch.transport.TransportService.doStop(TransportService.java:377) ~[elasticsearch-8.11.0.jar:?]
	at org.elasticsearch.common.component.AbstractLifecycleComponent.stop(AbstractLifecycleComponent.java:80) ~[elasticsearch-8.11.0.jar:?]
	at org.elasticsearch.node.Node.stopIfStarted(Node.java:1667) ~[elasticsearch-8.11.0.jar:?]
	at org.elasticsearch.node.Node.stopIfStarted(Node.java:1661) ~[elasticsearch-8.11.0.jar:?]
	at org.elasticsearch.node.Node.stop(Node.java:1651) ~[elasticsearch-8.11.0.jar:?]
	at org.elasticsearch.node.Node.close(Node.java:1679) ~[elasticsearch-8.11.0.jar:?]
	at org.elasticsearch.core.IOUtils.close(IOUtils.java:71) ~[elasticsearch-core-8.11.0.jar:?]
	at org.elasticsearch.core.IOUtils.close(IOUtils.java:87) ~[elasticsearch-core-8.11.0.jar:?]
	at org.elasticsearch.core.IOUtils.close(IOUtils.java:63) ~[elasticsearch-core-8.11.0.jar:?]
	at org.elasticsearch.bootstrap.Elasticsearch.shutdown(Elasticsearch.java:469) ~[elasticsearch-8.11.0.jar:?]
	... 1 more
Caused by: org.elasticsearch.node.NodeClosedException: node closed {sonarqube}{JeNYU0nzQ5SkQNAdY7arVg}{OPzHEXGQSCGsmiTq0rxZ0Q}{sonarqube}{127.0.0.1}{127.0.0.1:33105}{cdfhilmrstw}{8.11.0}{7000099-8500003}{xpack.installed=true, rack_id=sonarqube}
	at org.elasticsearch.transport.TransportService.doStop(TransportService.java:377) ~[elasticsearch-8.11.0.jar:?]
	at org.elasticsearch.common.component.AbstractLifecycleComponent.stop(AbstractLifecycleComponent.java:80) ~[elasticsearch-8.11.0.jar:?]
	at org.elasticsearch.node.Node.stopIfStarted(Node.java:1667) ~[elasticsearch-8.11.0.jar:?]
	at org.elasticsearch.node.Node.stopIfStarted(Node.java:1661) ~[elasticsearch-8.11.0.jar:?]
	at org.elasticsearch.node.Node.stop(Node.java:1651) ~[elasticsearch-8.11.0.jar:?]
	at org.elasticsearch.node.Node.close(Node.java:1679) ~[elasticsearch-8.11.0.jar:?]
	at org.elasticsearch.core.IOUtils.close(IOUtils.java:71) ~[elasticsearch-core-8.11.0.jar:?]
	at org.elasticsearch.core.IOUtils.close(IOUtils.java:87) ~[elasticsearch-core-8.11.0.jar:?]
	at org.elasticsearch.core.IOUtils.close(IOUtils.java:63) ~[elasticsearch-core-8.11.0.jar:?]
	at org.elasticsearch.bootstrap.Elasticsearch.shutdown(Elasticsearch.java:469) ~[elasticsearch-8.11.0.jar:?]
	... 1 more
2023.11.29 14:55:27 WARN  es[][o.e.g.G.InternalPrimaryShardAllocator] [components][4]: failed to list shard for shard_started on node [JeNYU0nzQ5SkQNAdY7arVg]
org.elasticsearch.action.FailedNodeException: Failed node [JeNYU0nzQ5SkQNAdY7arVg]
	at org.elasticsearch.action.support.nodes.TransportNodesAction$1.onItemFailure(TransportNodesAction.java:135) ~[elasticsearch-8.11.0.jar:?]
	at org.elasticsearch.action.support.nodes.TransportNodesAction$1.onItemFailure(TransportNodesAction.java:97) ~[elasticsearch-8.11.0.jar:?]
	at org.elasticsearch.action.support.CancellableFanOut$1.onFailure(CancellableFanOut.java:113) ~[elasticsearch-8.11.0.jar:?]
	at org.elasticsearch.action.ActionListenerImplementations.safeAcceptException(ActionListenerImplementations.java:62) ~[elasticsearch-8.11.0.jar:?]
	at org.elasticsearch.action.ActionListenerImplementations.safeOnFailure(ActionListenerImplementations.java:73) ~[elasticsearch-8.11.0.jar:?]
	at org.elasticsearch.action.ActionListenerImplementations$NotifyOnceActionListener.onFailure(ActionListenerImplementations.java:338) ~[elasticsearch-8.11.0.jar:?]
	at org.elasticsearch.action.ActionListenerImplementations.safeAcceptException(ActionListenerImplementations.java:62) ~[elasticsearch-8.11.0.jar:?]
	at org.elasticsearch.action.ActionListenerImplementations.safeOnFailure(ActionListenerImplementations.java:73) ~[elasticsearch-8.11.0.jar:?]
	at org.elasticsearch.action.DelegatingActionListener.onFailure(DelegatingActionListener.java:27) ~[elasticsearch-8.11.0.jar:?]
	at org.elasticsearch.action.ActionListenerImplementations$RunAfterActionListener.onFailure(ActionListenerImplementations.java:269) ~[elasticsearch-8.11.0.jar:?]
	at org.elasticsearch.action.ActionListenerResponseHandler.handleException(ActionListenerResponseHandler.java:54) ~[elasticsearch-8.11.0.jar:?]
	at org.elasticsearch.transport.TransportService$ContextRestoreResponseHandler.handleException(TransportService.java:1421) ~[elasticsearch-8.11.0.jar:?]
	at org.elasticsearch.transport.TransportService$4.doRun(TransportService.java:387) ~[elasticsearch-8.11.0.jar:?]
	at org.elasticsearch.common.util.concurrent.ThreadContext$ContextPreservingAbstractRunnable.doRun(ThreadContext.java:983) ~[elasticsearch-8.11.0.jar:?]
	at org.elasticsearch.common.util.concurrent.AbstractRunnable.run(AbstractRunnable.java:26) ~[elasticsearch-8.11.0.jar:?]
	at java.util.concurrent.ThreadPoolExecutor.runWorker(Unknown Source) ~[?:?]
	at java.util.concurrent.ThreadPoolExecutor$Worker.run(Unknown Source) ~[?:?]
	at java.lang.Thread.run(Unknown Source) ~[?:?]
Caused by: org.elasticsearch.transport.SendRequestTransportException: [sonarqube][127.0.0.1:33105][internal:gateway/local/started_shards[n]]
	at org.elasticsearch.transport.TransportService.doStop(TransportService.java:377) ~[elasticsearch-8.11.0.jar:?]
	at org.elasticsearch.common.component.AbstractLifecycleComponent.stop(AbstractLifecycleComponent.java:80) ~[elasticsearch-8.11.0.jar:?]
	at org.elasticsearch.node.Node.stopIfStarted(Node.java:1667) ~[elasticsearch-8.11.0.jar:?]
	at org.elasticsearch.node.Node.stopIfStarted(Node.java:1661) ~[elasticsearch-8.11.0.jar:?]
	at org.elasticsearch.node.Node.stop(Node.java:1651) ~[elasticsearch-8.11.0.jar:?]
	at org.elasticsearch.node.Node.close(Node.java:1679) ~[elasticsearch-8.11.0.jar:?]
	at org.elasticsearch.core.IOUtils.close(IOUtils.java:71) ~[elasticsearch-core-8.11.0.jar:?]
	at org.elasticsearch.core.IOUtils.close(IOUtils.java:87) ~[elasticsearch-core-8.11.0.jar:?]
	at org.elasticsearch.core.IOUtils.close(IOUtils.java:63) ~[elasticsearch-core-8.11.0.jar:?]
	at org.elasticsearch.bootstrap.Elasticsearch.shutdown(Elasticsearch.java:469) ~[elasticsearch-8.11.0.jar:?]
	... 1 more
Caused by: org.elasticsearch.node.NodeClosedException: node closed {sonarqube}{JeNYU0nzQ5SkQNAdY7arVg}{OPzHEXGQSCGsmiTq0rxZ0Q}{sonarqube}{127.0.0.1}{127.0.0.1:33105}{cdfhilmrstw}{8.11.0}{7000099-8500003}{xpack.installed=true, rack_id=sonarqube}
	at org.elasticsearch.transport.TransportService.doStop(TransportService.java:377) ~[elasticsearch-8.11.0.jar:?]
	at org.elasticsearch.common.component.AbstractLifecycleComponent.stop(AbstractLifecycleComponent.java:80) ~[elasticsearch-8.11.0.jar:?]
	at org.elasticsearch.node.Node.stopIfStarted(Node.java:1667) ~[elasticsearch-8.11.0.jar:?]
	at org.elasticsearch.node.Node.stopIfStarted(Node.java:1661) ~[elasticsearch-8.11.0.jar:?]
	at org.elasticsearch.node.Node.stop(Node.java:1651) ~[elasticsearch-8.11.0.jar:?]
	at org.elasticsearch.node.Node.close(Node.java:1679) ~[elasticsearch-8.11.0.jar:?]
	at org.elasticsearch.core.IOUtils.close(IOUtils.java:71) ~[elasticsearch-core-8.11.0.jar:?]
	at org.elasticsearch.core.IOUtils.close(IOUtils.java:87) ~[elasticsearch-core-8.11.0.jar:?]
	at org.elasticsearch.core.IOUtils.close(IOUtils.java:63) ~[elasticsearch-core-8.11.0.jar:?]
	at org.elasticsearch.bootstrap.Elasticsearch.shutdown(Elasticsearch.java:469) ~[elasticsearch-8.11.0.jar:?]
	... 1 more
2023.11.29 14:55:27 WARN  es[][o.e.g.G.InternalPrimaryShardAllocator] [metadatas][0]: failed to list shard for shard_started on node [JeNYU0nzQ5SkQNAdY7arVg]
org.elasticsearch.action.FailedNodeException: Failed node [JeNYU0nzQ5SkQNAdY7arVg]
	at org.elasticsearch.action.support.nodes.TransportNodesAction$1.onItemFailure(TransportNodesAction.java:135) ~[elasticsearch-8.11.0.jar:?]
	at org.elasticsearch.action.support.nodes.TransportNodesAction$1.onItemFailure(TransportNodesAction.java:97) ~[elasticsearch-8.11.0.jar:?]
	at org.elasticsearch.action.support.CancellableFanOut$1.onFailure(CancellableFanOut.java:113) ~[elasticsearch-8.11.0.jar:?]
	at org.elasticsearch.action.ActionListenerImplementations.safeAcceptException(ActionListenerImplementations.java:62) ~[elasticsearch-8.11.0.jar:?]
	at org.elasticsearch.action.ActionListenerImplementations.safeOnFailure(ActionListenerImplementations.java:73) ~[elasticsearch-8.11.0.jar:?]
	at org.elasticsearch.action.ActionListenerImplementations$NotifyOnceActionListener.onFailure(ActionListenerImplementations.java:338) ~[elasticsearch-8.11.0.jar:?]
	at org.elasticsearch.action.ActionListenerImplementations.safeAcceptException(ActionListenerImplementations.java:62) ~[elasticsearch-8.11.0.jar:?]
	at org.elasticsearch.action.ActionListenerImplementations.safeOnFailure(ActionListenerImplementations.java:73) ~[elasticsearch-8.11.0.jar:?]
	at org.elasticsearch.action.DelegatingActionListener.onFailure(DelegatingActionListener.java:27) ~[elasticsearch-8.11.0.jar:?]
	at org.elasticsearch.action.ActionListenerImplementations$RunAfterActionListener.onFailure(ActionListenerImplementations.java:269) ~[elasticsearch-8.11.0.jar:?]
	at org.elasticsearch.action.ActionListenerResponseHandler.handleException(ActionListenerResponseHandler.java:54) ~[elasticsearch-8.11.0.jar:?]
	at org.elasticsearch.transport.TransportService$ContextRestoreResponseHandler.handleException(TransportService.java:1421) ~[elasticsearch-8.11.0.jar:?]
	at org.elasticsearch.transport.TransportService$4.doRun(TransportService.java:387) ~[elasticsearch-8.11.0.jar:?]
	at org.elasticsearch.common.util.concurrent.ThreadContext$ContextPreservingAbstractRunnable.doRun(ThreadContext.java:983) ~[elasticsearch-8.11.0.jar:?]
	at org.elasticsearch.common.util.concurrent.AbstractRunnable.run(AbstractRunnable.java:26) ~[elasticsearch-8.11.0.jar:?]
	at java.util.concurrent.ThreadPoolExecutor.runWorker(Unknown Source) ~[?:?]
	at java.util.concurrent.ThreadPoolExecutor$Worker.run(Unknown Source) ~[?:?]
	at java.lang.Thread.run(Unknown Source) ~[?:?]
Caused by: org.elasticsearch.transport.SendRequestTransportException: [sonarqube][127.0.0.1:33105][internal:gateway/local/started_shards[n]]
	at org.elasticsearch.transport.TransportService.doStop(TransportService.java:377) ~[elasticsearch-8.11.0.jar:?]
	at org.elasticsearch.common.component.AbstractLifecycleComponent.stop(AbstractLifecycleComponent.java:80) ~[elasticsearch-8.11.0.jar:?]
	at org.elasticsearch.node.Node.stopIfStarted(Node.java:1667) ~[elasticsearch-8.11.0.jar:?]
	at org.elasticsearch.node.Node.stopIfStarted(Node.java:1661) ~[elasticsearch-8.11.0.jar:?]
	at org.elasticsearch.node.Node.stop(Node.java:1651) ~[elasticsearch-8.11.0.jar:?]
	at org.elasticsearch.node.Node.close(Node.java:1679) ~[elasticsearch-8.11.0.jar:?]
	at org.elasticsearch.core.IOUtils.close(IOUtils.java:71) ~[elasticsearch-core-8.11.0.jar:?]
	at org.elasticsearch.core.IOUtils.close(IOUtils.java:87) ~[elasticsearch-core-8.11.0.jar:?]
	at org.elasticsearch.core.IOUtils.close(IOUtils.java:63) ~[elasticsearch-core-8.11.0.jar:?]
	at org.elasticsearch.bootstrap.Elasticsearch.shutdown(Elasticsearch.java:469) ~[elasticsearch-8.11.0.jar:?]
	... 1 more
Caused by: org.elasticsearch.node.NodeClosedException: node closed {sonarqube}{JeNYU0nzQ5SkQNAdY7arVg}{OPzHEXGQSCGsmiTq0rxZ0Q}{sonarqube}{127.0.0.1}{127.0.0.1:33105}{cdfhilmrstw}{8.11.0}{7000099-8500003}{xpack.installed=true, rack_id=sonarqube}
	at org.elasticsearch.transport.TransportService.doStop(TransportService.java:377) ~[elasticsearch-8.11.0.jar:?]
	at org.elasticsearch.common.component.AbstractLifecycleComponent.stop(AbstractLifecycleComponent.java:80) ~[elasticsearch-8.11.0.jar:?]
	at org.elasticsearch.node.Node.stopIfStarted(Node.java:1667) ~[elasticsearch-8.11.0.jar:?]
	at org.elasticsearch.node.Node.stopIfStarted(Node.java:1661) ~[elasticsearch-8.11.0.jar:?]
	at org.elasticsearch.node.Node.stop(Node.java:1651) ~[elasticsearch-8.11.0.jar:?]
	at org.elasticsearch.node.Node.close(Node.java:1679) ~[elasticsearch-8.11.0.jar:?]
	at org.elasticsearch.core.IOUtils.close(IOUtils.java:71) ~[elasticsearch-core-8.11.0.jar:?]
	at org.elasticsearch.core.IOUtils.close(IOUtils.java:87) ~[elasticsearch-core-8.11.0.jar:?]
	at org.elasticsearch.core.IOUtils.close(IOUtils.java:63) ~[elasticsearch-core-8.11.0.jar:?]
	at org.elasticsearch.bootstrap.Elasticsearch.shutdown(Elasticsearch.java:469) ~[elasticsearch-8.11.0.jar:?]
	... 1 more
2023.11.29 14:56:38 INFO  es[][o.e.n.Node] version[8.11.0], pid[79], build[tar/d9ec3fa628c7b0ba3d25692e277ba26814820b20/2023-11-04T10:04:57.184859352Z], OS[Linux/5.14.0-383.el9.x86_64/amd64], JVM[Eclipse Adoptium/OpenJDK 64-Bit Server VM/17.0.9/17.0.9+9]
2023.11.29 14:56:38 INFO  es[][o.e.n.Node] JVM home [/opt/java/openjdk], using bundled JDK [false]
2023.11.29 14:56:38 INFO  es[][o.e.n.Node] JVM arguments [-Des.networkaddress.cache.ttl=60, -Des.networkaddress.cache.negative.ttl=10, -Djava.security.manager=allow, -XX:+AlwaysPreTouch, -Xss1m, -Djava.awt.headless=true, -Dfile.encoding=UTF-8, -Djna.nosys=true, -XX:-OmitStackTraceInFastThrow, -Dio.netty.noUnsafe=true, -Dio.netty.noKeySetOptimization=true, -Dio.netty.recycler.maxCapacityPerThread=0, -Dlog4j.shutdownHookEnabled=false, -Dlog4j2.disable.jmx=true, -Dlog4j2.formatMsgNoLookups=true, -Djava.locale.providers=SPI,COMPAT, --add-opens=java.base/java.io=org.elasticsearch.preallocate, -XX:+UseG1GC, -Djava.io.tmpdir=/opt/sonarqube/temp, -XX:ErrorFile=/opt/sonarqube/logs/es_hs_err_pid%p.log, -Xlog:disable, -Des.networkaddress.cache.ttl=60, -Des.networkaddress.cache.negative.ttl=10, -XX:+AlwaysPreTouch, -Xss1m, -Djava.awt.headless=true, -Dfile.encoding=UTF-8, -Djna.nosys=true, -Djna.tmpdir=/opt/sonarqube/temp, -XX:-OmitStackTraceInFastThrow, -Dio.netty.noUnsafe=true, -Dio.netty.noKeySetOptimization=true, -Dio.netty.recycler.maxCapacityPerThread=0, -Dio.netty.allocator.numDirectArenas=0, -Dlog4j.shutdownHookEnabled=false, -Dlog4j2.disable.jmx=true, -Dlog4j2.formatMsgNoLookups=true, -Djava.locale.providers=COMPAT, -Dcom.redhat.fips=false, -Des.enforce.bootstrap.checks=true, -Xmx512m, -Xms512m, -XX:MaxDirectMemorySize=256m, -XX:+HeapDumpOnOutOfMemoryError, -XX:G1HeapRegionSize=4m, -XX:InitiatingHeapOccupancyPercent=30, -XX:G1ReservePercent=15, -Des.distribution.type=tar, --module-path=/opt/sonarqube/elasticsearch/lib, --add-modules=jdk.net, --add-modules=ALL-MODULE-PATH, -Djdk.module.main=org.elasticsearch.server]
2023.11.29 14:56:42 INFO  es[][o.e.p.PluginsService] loaded module [lang-painless]
2023.11.29 14:56:42 INFO  es[][o.e.p.PluginsService] loaded module [x-pack-core]
2023.11.29 14:56:42 INFO  es[][o.e.p.PluginsService] loaded module [old-lucene-versions]
2023.11.29 14:56:42 INFO  es[][o.e.p.PluginsService] loaded module [parent-join]
2023.11.29 14:56:42 INFO  es[][o.e.p.PluginsService] loaded module [rest-root]
2023.11.29 14:56:42 INFO  es[][o.e.p.PluginsService] loaded module [reindex]
2023.11.29 14:56:42 INFO  es[][o.e.p.PluginsService] loaded module [x-pack-redact]
2023.11.29 14:56:42 INFO  es[][o.e.p.PluginsService] loaded module [analysis-common]
2023.11.29 14:56:42 INFO  es[][o.e.p.PluginsService] loaded module [x-pack-security]
2023.11.29 14:56:42 INFO  es[][o.e.p.PluginsService] loaded module [transport-netty4]
2023.11.29 14:56:42 INFO  es[][o.e.p.PluginsService] loaded module [aggregations]
2023.11.29 14:56:42 INFO  es[][o.e.p.PluginsService] loaded module [apm]
2023.11.29 14:56:51 INFO  es[][o.e.e.NodeEnvironment] using [1] data paths, mounts [[/opt/sonarqube/data (/dev/mapper/cs-root)]], net usable_space [10.8gb], net total_space [16.9gb], types [xfs]
2023.11.29 14:56:51 INFO  es[][o.e.e.NodeEnvironment] heap size [512mb], compressed ordinary object pointers [true]
2023.11.29 14:56:52 INFO  es[][o.e.n.Node] node name [sonarqube], node ID [JeNYU0nzQ5SkQNAdY7arVg], cluster name [sonarqube], roles [data_cold, data, remote_cluster_client, master, data_warm, data_content, transform, data_hot, ml, data_frozen, ingest]
2023.11.29 14:56:56 INFO  es[][o.e.x.s.Security] Security is disabled
2023.11.29 14:56:57 INFO  es[][o.e.t.n.NettyAllocator] creating NettyAllocator with the following configs: [name=unpooled, suggested_max_allocation_size=1mb, factors={es.unsafe.use_unpooled_allocator=null, g1gc_enabled=true, g1gc_region_size=4mb, heap_size=512mb}]
2023.11.29 14:56:57 INFO  es[][o.e.i.r.RecoverySettings] using rate limit [40mb] with [default=40mb, read=0b, write=0b, max=0b]
2023.11.29 14:56:57 INFO  es[][o.e.d.DiscoveryModule] using discovery type [single-node] and seed hosts providers [settings]
2023.11.29 14:56:59 INFO  es[][o.e.n.Node] initialized
2023.11.29 14:56:59 INFO  es[][o.e.n.Node] starting ...
2023.11.29 14:57:00 INFO  es[][o.e.t.TransportService] publish_address {127.0.0.1:41385}, bound_addresses {127.0.0.1:41385}
2023.11.29 14:57:01 INFO  es[][o.e.b.BootstrapChecks] explicitly enforcing bootstrap checks
2023.11.29 14:57:01 INFO  es[][o.e.c.c.ClusterBootstrapService] this node is locked into cluster UUID [TykM8YCFQ9-7F7s_AMcNeA] and will not attempt further cluster bootstrapping
2023.11.29 14:57:02 INFO  es[][o.e.c.s.MasterService] elected-as-master ([1] nodes joined in term 4)[_FINISH_ELECTION_, {sonarqube}{JeNYU0nzQ5SkQNAdY7arVg}{QVAEyZelQBGAfCeXfbdp_Q}{sonarqube}{127.0.0.1}{127.0.0.1:41385}{cdfhilmrstw}{8.11.0}{7000099-8500003} completing election], term: 4, version: 76, delta: master node changed {previous [], current [{sonarqube}{JeNYU0nzQ5SkQNAdY7arVg}{QVAEyZelQBGAfCeXfbdp_Q}{sonarqube}{127.0.0.1}{127.0.0.1:41385}{cdfhilmrstw}{8.11.0}{7000099-8500003}]}
2023.11.29 14:57:02 INFO  es[][o.e.c.s.ClusterApplierService] master node changed {previous [], current [{sonarqube}{JeNYU0nzQ5SkQNAdY7arVg}{QVAEyZelQBGAfCeXfbdp_Q}{sonarqube}{127.0.0.1}{127.0.0.1:41385}{cdfhilmrstw}{8.11.0}{7000099-8500003}]}, term: 4, version: 76, reason: Publication{term=4, version=76}
2023.11.29 14:57:02 INFO  es[][o.e.c.f.AbstractFileWatchingService] starting file watcher ...
2023.11.29 14:57:02 INFO  es[][o.e.c.f.AbstractFileWatchingService] file settings service up and running [tid=28]
2023.11.29 14:57:02 INFO  es[][o.e.h.AbstractHttpServerTransport] publish_address {127.0.0.1:9001}, bound_addresses {127.0.0.1:9001}
2023.11.29 14:57:02 INFO  es[][o.e.n.Node] started {sonarqube}{JeNYU0nzQ5SkQNAdY7arVg}{QVAEyZelQBGAfCeXfbdp_Q}{sonarqube}{127.0.0.1}{127.0.0.1:41385}{cdfhilmrstw}{8.11.0}{7000099-8500003}{xpack.installed=true, rack_id=sonarqube}
2023.11.29 14:57:02 INFO  es[][o.e.c.c.NodeJoinExecutor] node-join: [{sonarqube}{JeNYU0nzQ5SkQNAdY7arVg}{QVAEyZelQBGAfCeXfbdp_Q}{sonarqube}{127.0.0.1}{127.0.0.1:41385}{cdfhilmrstw}{8.11.0}{7000099-8500003}] with reason [completing election]
2023.11.29 14:57:03 INFO  es[][o.e.l.ClusterStateLicenseService] license [fef00334-6291-48aa-b4e6-ef55e8af6d44] mode [basic] - valid
2023.11.29 14:57:03 INFO  es[][o.e.g.GatewayService] recovered [6] indices into cluster_state
2023.11.29 14:57:03 INFO  es[][o.e.h.n.s.HealthNodeTaskExecutor] Node [{sonarqube}{JeNYU0nzQ5SkQNAdY7arVg}] is selected as the current health node.
2023.11.29 14:57:04 INFO  es[][o.e.i.m.MapperService] reloading search analyzers
2023.11.29 14:57:05 INFO  es[][o.e.i.m.MapperService] reloading search analyzers
2023.11.29 14:57:05 INFO  es[][o.e.i.m.MapperService] reloading search analyzers
2023.11.29 14:57:05 INFO  es[][o.e.i.m.MapperService] reloading search analyzers
2023.11.29 14:57:06 INFO  es[][o.e.i.m.MapperService] reloading search analyzers
2023.11.29 14:57:06 INFO  es[][o.e.i.m.MapperService] reloading search analyzers
2023.11.29 14:57:07 INFO  es[][o.e.c.r.a.AllocationService] current.health="GREEN" message="Cluster health status changed from [RED] to [GREEN] (reason: [shards started [[metadatas][0]]])." previous.health="RED" reason="shards started [[metadatas][0]]"
2023.11.29 15:08:41 INFO  es[][o.e.n.Node] stopping ...
2023.11.29 15:08:41 INFO  es[][o.e.c.f.AbstractFileWatchingService] shutting down watcher thread
2023.11.29 15:08:41 INFO  es[][o.e.c.f.AbstractFileWatchingService] watcher service stopped
2023.11.29 15:08:41 INFO  es[][o.e.n.Node] stopped
2023.11.29 15:08:41 INFO  es[][o.e.n.Node] closing ...
2023.11.29 15:08:42 INFO  es[][o.e.n.Node] closed
2023.11.29 15:09:03 INFO  es[][o.e.n.Node] version[8.11.0], pid[79], build[tar/d9ec3fa628c7b0ba3d25692e277ba26814820b20/2023-11-04T10:04:57.184859352Z], OS[Linux/5.14.0-383.el9.x86_64/amd64], JVM[Eclipse Adoptium/OpenJDK 64-Bit Server VM/17.0.9/17.0.9+9]
2023.11.29 15:09:03 INFO  es[][o.e.n.Node] JVM home [/opt/java/openjdk], using bundled JDK [false]
2023.11.29 15:09:03 INFO  es[][o.e.n.Node] JVM arguments [-Des.networkaddress.cache.ttl=60, -Des.networkaddress.cache.negative.ttl=10, -Djava.security.manager=allow, -XX:+AlwaysPreTouch, -Xss1m, -Djava.awt.headless=true, -Dfile.encoding=UTF-8, -Djna.nosys=true, -XX:-OmitStackTraceInFastThrow, -Dio.netty.noUnsafe=true, -Dio.netty.noKeySetOptimization=true, -Dio.netty.recycler.maxCapacityPerThread=0, -Dlog4j.shutdownHookEnabled=false, -Dlog4j2.disable.jmx=true, -Dlog4j2.formatMsgNoLookups=true, -Djava.locale.providers=SPI,COMPAT, --add-opens=java.base/java.io=org.elasticsearch.preallocate, -XX:+UseG1GC, -Djava.io.tmpdir=/opt/sonarqube/temp, -XX:ErrorFile=/opt/sonarqube/logs/es_hs_err_pid%p.log, -Xlog:disable, -Des.networkaddress.cache.ttl=60, -Des.networkaddress.cache.negative.ttl=10, -XX:+AlwaysPreTouch, -Xss1m, -Djava.awt.headless=true, -Dfile.encoding=UTF-8, -Djna.nosys=true, -Djna.tmpdir=/opt/sonarqube/temp, -XX:-OmitStackTraceInFastThrow, -Dio.netty.noUnsafe=true, -Dio.netty.noKeySetOptimization=true, -Dio.netty.recycler.maxCapacityPerThread=0, -Dio.netty.allocator.numDirectArenas=0, -Dlog4j.shutdownHookEnabled=false, -Dlog4j2.disable.jmx=true, -Dlog4j2.formatMsgNoLookups=true, -Djava.locale.providers=COMPAT, -Dcom.redhat.fips=false, -Des.enforce.bootstrap.checks=true, -Xmx512m, -Xms512m, -XX:MaxDirectMemorySize=256m, -XX:+HeapDumpOnOutOfMemoryError, -XX:G1HeapRegionSize=4m, -XX:InitiatingHeapOccupancyPercent=30, -XX:G1ReservePercent=15, -Des.distribution.type=tar, --module-path=/opt/sonarqube/elasticsearch/lib, --add-modules=jdk.net, --add-modules=ALL-MODULE-PATH, -Djdk.module.main=org.elasticsearch.server]
2023.11.29 15:09:08 INFO  es[][o.e.p.PluginsService] loaded module [lang-painless]
2023.11.29 15:09:08 INFO  es[][o.e.p.PluginsService] loaded module [x-pack-core]
2023.11.29 15:09:08 INFO  es[][o.e.p.PluginsService] loaded module [old-lucene-versions]
2023.11.29 15:09:08 INFO  es[][o.e.p.PluginsService] loaded module [parent-join]
2023.11.29 15:09:08 INFO  es[][o.e.p.PluginsService] loaded module [rest-root]
2023.11.29 15:09:08 INFO  es[][o.e.p.PluginsService] loaded module [reindex]
2023.11.29 15:09:08 INFO  es[][o.e.p.PluginsService] loaded module [x-pack-redact]
2023.11.29 15:09:08 INFO  es[][o.e.p.PluginsService] loaded module [analysis-common]
2023.11.29 15:09:08 INFO  es[][o.e.p.PluginsService] loaded module [x-pack-security]
2023.11.29 15:09:08 INFO  es[][o.e.p.PluginsService] loaded module [transport-netty4]
2023.11.29 15:09:08 INFO  es[][o.e.p.PluginsService] loaded module [aggregations]
2023.11.29 15:09:08 INFO  es[][o.e.p.PluginsService] loaded module [apm]
2023.11.29 15:09:19 INFO  es[][o.e.e.NodeEnvironment] using [1] data paths, mounts [[/opt/sonarqube/data (/dev/mapper/cs-root)]], net usable_space [10.6gb], net total_space [16.9gb], types [xfs]
2023.11.29 15:09:19 INFO  es[][o.e.e.NodeEnvironment] heap size [512mb], compressed ordinary object pointers [true]
2023.11.29 15:09:19 INFO  es[][o.e.n.Node] node name [sonarqube], node ID [JeNYU0nzQ5SkQNAdY7arVg], cluster name [sonarqube], roles [data_frozen, ingest, data_cold, data, remote_cluster_client, master, data_warm, data_content, transform, data_hot, ml]
2023.11.29 15:09:21 INFO  es[][o.e.x.s.Security] Security is disabled
2023.11.29 15:09:21 INFO  es[][o.e.t.n.NettyAllocator] creating NettyAllocator with the following configs: [name=unpooled, suggested_max_allocation_size=1mb, factors={es.unsafe.use_unpooled_allocator=null, g1gc_enabled=true, g1gc_region_size=4mb, heap_size=512mb}]
2023.11.29 15:09:22 INFO  es[][o.e.i.r.RecoverySettings] using rate limit [40mb] with [default=40mb, read=0b, write=0b, max=0b]
2023.11.29 15:09:22 INFO  es[][o.e.d.DiscoveryModule] using discovery type [single-node] and seed hosts providers [settings]
2023.11.29 15:09:23 INFO  es[][o.e.n.Node] initialized
2023.11.29 15:09:23 INFO  es[][o.e.n.Node] starting ...
2023.11.29 15:09:23 INFO  es[][o.e.t.TransportService] publish_address {127.0.0.1:35007}, bound_addresses {127.0.0.1:35007}
2023.11.29 15:09:25 INFO  es[][o.e.b.BootstrapChecks] explicitly enforcing bootstrap checks
2023.11.29 15:09:25 INFO  es[][o.e.c.c.ClusterBootstrapService] this node is locked into cluster UUID [TykM8YCFQ9-7F7s_AMcNeA] and will not attempt further cluster bootstrapping
2023.11.29 15:09:25 INFO  es[][o.e.c.s.MasterService] elected-as-master ([1] nodes joined in term 5)[_FINISH_ELECTION_, {sonarqube}{JeNYU0nzQ5SkQNAdY7arVg}{2SvtdBNzTTqaKRtZU-GuvQ}{sonarqube}{127.0.0.1}{127.0.0.1:35007}{cdfhilmrstw}{8.11.0}{7000099-8500003} completing election], term: 5, version: 105, delta: master node changed {previous [], current [{sonarqube}{JeNYU0nzQ5SkQNAdY7arVg}{2SvtdBNzTTqaKRtZU-GuvQ}{sonarqube}{127.0.0.1}{127.0.0.1:35007}{cdfhilmrstw}{8.11.0}{7000099-8500003}]}
2023.11.29 15:09:25 INFO  es[][o.e.c.s.ClusterApplierService] master node changed {previous [], current [{sonarqube}{JeNYU0nzQ5SkQNAdY7arVg}{2SvtdBNzTTqaKRtZU-GuvQ}{sonarqube}{127.0.0.1}{127.0.0.1:35007}{cdfhilmrstw}{8.11.0}{7000099-8500003}]}, term: 5, version: 105, reason: Publication{term=5, version=105}
2023.11.29 15:09:26 INFO  es[][o.e.c.f.AbstractFileWatchingService] starting file watcher ...
2023.11.29 15:09:26 INFO  es[][o.e.c.f.AbstractFileWatchingService] file settings service up and running [tid=28]
2023.11.29 15:09:26 INFO  es[][o.e.h.AbstractHttpServerTransport] publish_address {127.0.0.1:9001}, bound_addresses {127.0.0.1:9001}
2023.11.29 15:09:26 INFO  es[][o.e.n.Node] started {sonarqube}{JeNYU0nzQ5SkQNAdY7arVg}{2SvtdBNzTTqaKRtZU-GuvQ}{sonarqube}{127.0.0.1}{127.0.0.1:35007}{cdfhilmrstw}{8.11.0}{7000099-8500003}{xpack.installed=true, rack_id=sonarqube}
2023.11.29 15:09:26 INFO  es[][o.e.c.c.NodeJoinExecutor] node-join: [{sonarqube}{JeNYU0nzQ5SkQNAdY7arVg}{2SvtdBNzTTqaKRtZU-GuvQ}{sonarqube}{127.0.0.1}{127.0.0.1:35007}{cdfhilmrstw}{8.11.0}{7000099-8500003}] with reason [completing election]
2023.11.29 15:09:26 INFO  es[][o.e.l.ClusterStateLicenseService] license [fef00334-6291-48aa-b4e6-ef55e8af6d44] mode [basic] - valid
2023.11.29 15:09:26 INFO  es[][o.e.g.GatewayService] recovered [6] indices into cluster_state
2023.11.29 15:09:26 INFO  es[][o.e.h.n.s.HealthNodeTaskExecutor] Node [{sonarqube}{JeNYU0nzQ5SkQNAdY7arVg}] is selected as the current health node.
2023.11.29 15:09:27 INFO  es[][o.e.i.m.MapperService] reloading search analyzers
2023.11.29 15:09:27 INFO  es[][o.e.i.m.MapperService] reloading search analyzers
2023.11.29 15:09:27 INFO  es[][o.e.i.m.MapperService] reloading search analyzers
2023.11.29 15:09:27 INFO  es[][o.e.i.m.MapperService] reloading search analyzers
2023.11.29 15:09:28 INFO  es[][o.e.i.m.MapperService] reloading search analyzers
2023.11.29 15:09:28 INFO  es[][o.e.i.m.MapperService] reloading search analyzers
2023.11.29 15:09:28 INFO  es[][o.e.c.r.a.AllocationService] current.health="GREEN" message="Cluster health status changed from [RED] to [GREEN] (reason: [shards started [[metadatas][0]]])." previous.health="RED" reason="shards started [[metadatas][0]]"
2023.11.29 15:30:36 INFO  es[][o.e.n.Node] stopping ...
2023.11.29 15:30:36 INFO  es[][o.e.c.f.AbstractFileWatchingService] shutting down watcher thread
2023.11.29 15:30:36 INFO  es[][o.e.c.f.AbstractFileWatchingService] watcher service stopped
2023.11.29 15:30:37 INFO  es[][o.e.n.Node] stopped
2023.11.29 15:30:37 INFO  es[][o.e.n.Node] closing ...
2023.11.29 15:30:37 INFO  es[][o.e.n.Node] closed
