2023.11.29 14:12:53 INFO  app[][o.s.a.AppFileSystem] Cleaning or creating temp directory /opt/sonarqube/temp
2023.11.29 14:12:53 INFO  app[][o.s.a.es.EsSettings] Elasticsearch listening on [HTTP: 127.0.0.1:9001, TCP: 127.0.0.1:35079]
2023.11.29 14:12:54 INFO  app[][o.s.a.ProcessLauncherImpl] Launch process[ELASTICSEARCH] from [/opt/sonarqube/elasticsearch]: /opt/java/openjdk/bin/java -Xms4m -Xmx64m -XX:+UseSerialGC -Dcli.name=server -Dcli.script=./bin/elasticsearch -Dcli.libs=lib/tools/server-cli -Des.path.home=/opt/sonarqube/elasticsearch -Des.path.conf=/opt/sonarqube/temp/conf/es -Des.distribution.type=tar -cp /opt/sonarqube/elasticsearch/lib/*:/opt/sonarqube/elasticsearch/lib/cli-launcher/* org.elasticsearch.launcher.CliToolLauncher
2023.11.29 14:12:54 INFO  app[][o.s.a.SchedulerImpl] Waiting for Elasticsearch to be up and running
2023.11.29 14:13:36 WARN  app[][o.s.a.p.AbstractManagedProcess] Process exited with exit value [ElasticSearch]: 78
2023.11.29 14:13:36 INFO  app[][o.s.a.SchedulerImpl] Process[ElasticSearch] is stopped
2023.11.29 14:13:36 INFO  app[][o.s.a.SchedulerImpl] SonarQube is stopped
2023.11.29 14:14:10 INFO  app[][o.s.a.AppFileSystem] Cleaning or creating temp directory /opt/sonarqube/temp
2023.11.29 14:14:10 INFO  app[][o.s.a.es.EsSettings] Elasticsearch listening on [HTTP: 127.0.0.1:9001, TCP: 127.0.0.1:34115]
2023.11.29 14:14:11 INFO  app[][o.s.a.ProcessLauncherImpl] Launch process[ELASTICSEARCH] from [/opt/sonarqube/elasticsearch]: /opt/java/openjdk/bin/java -Xms4m -Xmx64m -XX:+UseSerialGC -Dcli.name=server -Dcli.script=./bin/elasticsearch -Dcli.libs=lib/tools/server-cli -Des.path.home=/opt/sonarqube/elasticsearch -Des.path.conf=/opt/sonarqube/temp/conf/es -Des.distribution.type=tar -cp /opt/sonarqube/elasticsearch/lib/*:/opt/sonarqube/elasticsearch/lib/cli-launcher/* org.elasticsearch.launcher.CliToolLauncher
2023.11.29 14:14:11 INFO  app[][o.s.a.SchedulerImpl] Waiting for Elasticsearch to be up and running
2023.11.29 14:14:47 WARN  app[][o.s.a.p.AbstractManagedProcess] Process exited with exit value [ElasticSearch]: 78
2023.11.29 14:14:47 INFO  app[][o.s.a.SchedulerImpl] Process[ElasticSearch] is stopped
2023.11.29 14:14:47 INFO  app[][o.s.a.SchedulerImpl] SonarQube is stopped
2023.11.29 14:18:50 INFO  app[][o.s.a.AppFileSystem] Cleaning or creating temp directory /opt/sonarqube/temp
2023.11.29 14:18:50 INFO  app[][o.s.a.es.EsSettings] Elasticsearch listening on [HTTP: 127.0.0.1:9001, TCP: 127.0.0.1:39791]
2023.11.29 14:18:50 INFO  app[][o.s.a.ProcessLauncherImpl] Launch process[ELASTICSEARCH] from [/opt/sonarqube/elasticsearch]: /opt/java/openjdk/bin/java -Xms4m -Xmx64m -XX:+UseSerialGC -Dcli.name=server -Dcli.script=./bin/elasticsearch -Dcli.libs=lib/tools/server-cli -Des.path.home=/opt/sonarqube/elasticsearch -Des.path.conf=/opt/sonarqube/temp/conf/es -Des.distribution.type=tar -cp /opt/sonarqube/elasticsearch/lib/*:/opt/sonarqube/elasticsearch/lib/cli-launcher/* org.elasticsearch.launcher.CliToolLauncher
2023.11.29 14:18:50 INFO  app[][o.s.a.SchedulerImpl] Waiting for Elasticsearch to be up and running
2023.11.29 14:19:27 INFO  app[][o.s.a.SchedulerImpl] Process[es] is up
2023.11.29 14:19:27 INFO  app[][o.s.a.ProcessLauncherImpl] Launch process[WEB_SERVER] from [/opt/sonarqube]: /opt/java/openjdk/bin/java -Djava.awt.headless=true -Dfile.encoding=UTF-8 -Djava.io.tmpdir=/opt/sonarqube/temp -XX:-OmitStackTraceInFastThrow --add-opens=java.base/java.util=ALL-UNNAMED --add-opens=java.base/java.lang=ALL-UNNAMED --add-opens=java.base/java.io=ALL-UNNAMED --add-opens=java.rmi/sun.rmi.transport=ALL-UNNAMED --add-exports=java.base/jdk.internal.ref=ALL-UNNAMED --add-opens=java.base/java.nio=ALL-UNNAMED --add-opens=java.base/sun.nio.ch=ALL-UNNAMED --add-opens=java.management/sun.management=ALL-UNNAMED --add-opens=jdk.management/com.sun.management.internal=ALL-UNNAMED -Dcom.redhat.fips=false -Xmx512m -Xms128m -XX:+HeapDumpOnOutOfMemoryError -Dhttp.nonProxyHosts=localhost|127.*|[::1] -cp ./lib/sonar-application-10.3.0.82913.jar:/opt/sonarqube/lib/jdbc/postgresql/postgresql-42.6.0.jar org.sonar.server.app.WebServer /opt/sonarqube/temp/sq-process6658706980627022842properties
2023.11.29 14:20:53 INFO  app[][o.s.a.SchedulerImpl] Process[web] is up
2023.11.29 14:20:53 INFO  app[][o.s.a.ProcessLauncherImpl] Launch process[COMPUTE_ENGINE] from [/opt/sonarqube]: /opt/java/openjdk/bin/java -Djava.awt.headless=true -Dfile.encoding=UTF-8 -Djava.io.tmpdir=/opt/sonarqube/temp -XX:-OmitStackTraceInFastThrow --add-opens=java.base/java.util=ALL-UNNAMED --add-exports=java.base/jdk.internal.ref=ALL-UNNAMED --add-opens=java.base/java.lang=ALL-UNNAMED --add-opens=java.base/java.nio=ALL-UNNAMED --add-opens=java.base/sun.nio.ch=ALL-UNNAMED --add-opens=java.management/sun.management=ALL-UNNAMED --add-opens=jdk.management/com.sun.management.internal=ALL-UNNAMED -Dcom.redhat.fips=false -Xmx512m -Xms128m -XX:+HeapDumpOnOutOfMemoryError -Dhttp.nonProxyHosts=localhost|127.*|[::1] -cp ./lib/sonar-application-10.3.0.82913.jar:/opt/sonarqube/lib/jdbc/postgresql/postgresql-42.6.0.jar org.sonar.ce.app.CeServer /opt/sonarqube/temp/sq-process17742995245668264941properties
2023.11.29 14:20:55 WARN  app[][startup] ####################################################################################################################
2023.11.29 14:20:55 WARN  app[][startup] Default Administrator credentials are still being used. Make sure to change the password or deactivate the account.
2023.11.29 14:20:55 WARN  app[][startup] ####################################################################################################################
2023.11.29 14:21:04 INFO  app[][o.s.a.SchedulerImpl] Process[ce] is up
2023.11.29 14:21:04 INFO  app[][o.s.a.SchedulerImpl] SonarQube is operational
2023.11.29 14:52:48 INFO  app[][o.s.a.SchedulerImpl] Stopping SonarQube
2023.11.29 14:52:48 INFO  app[][o.s.a.SchedulerImpl] Sonarqube has been requested to stop
2023.11.29 14:52:48 INFO  app[][o.s.a.SchedulerImpl] Stopping [Compute Engine] process...
2023.11.29 14:52:49 INFO  app[][o.s.a.SchedulerImpl] Process[Compute Engine] is stopped
2023.11.29 14:52:49 INFO  app[][o.s.a.SchedulerImpl] Stopping [Web Server] process...
2023.11.29 14:52:49 INFO  app[][o.s.a.SchedulerImpl] Stopping [ElasticSearch] process...
2023.11.29 14:52:49 INFO  app[][o.s.a.SchedulerImpl] Process[Web Server] is stopped
2023.11.29 14:52:55 INFO  app[][o.s.a.SchedulerImpl] Process[ElasticSearch] is stopped
2023.11.29 14:52:55 INFO  app[][o.s.a.SchedulerImpl] SonarQube is stopped
2023.11.29 14:52:55 WARN  app[][o.s.a.p.AbstractManagedProcess] Process exited with exit value [ElasticSearch]: 143
2023.11.29 14:53:06 INFO  app[][o.s.a.AppFileSystem] Cleaning or creating temp directory /opt/sonarqube/temp
2023.11.29 14:53:06 INFO  app[][o.s.a.es.EsSettings] Elasticsearch listening on [HTTP: 127.0.0.1:9001, TCP: 127.0.0.1:45945]
2023.11.29 14:53:06 INFO  app[][o.s.a.ProcessLauncherImpl] Launch process[ELASTICSEARCH] from [/opt/sonarqube/elasticsearch]: /opt/java/openjdk/bin/java -Xms4m -Xmx64m -XX:+UseSerialGC -Dcli.name=server -Dcli.script=./bin/elasticsearch -Dcli.libs=lib/tools/server-cli -Des.path.home=/opt/sonarqube/elasticsearch -Des.path.conf=/opt/sonarqube/temp/conf/es -Des.distribution.type=tar -cp /opt/sonarqube/elasticsearch/lib/*:/opt/sonarqube/elasticsearch/lib/cli-launcher/* org.elasticsearch.launcher.CliToolLauncher
2023.11.29 14:53:06 INFO  app[][o.s.a.SchedulerImpl] Waiting for Elasticsearch to be up and running
2023.11.29 14:53:46 INFO  app[][o.s.a.SchedulerImpl] Process[es] is up
2023.11.29 14:53:46 INFO  app[][o.s.a.ProcessLauncherImpl] Launch process[WEB_SERVER] from [/opt/sonarqube]: /opt/java/openjdk/bin/java -Djava.awt.headless=true -Dfile.encoding=UTF-8 -Djava.io.tmpdir=/opt/sonarqube/temp -XX:-OmitStackTraceInFastThrow --add-opens=java.base/java.util=ALL-UNNAMED --add-opens=java.base/java.lang=ALL-UNNAMED --add-opens=java.base/java.io=ALL-UNNAMED --add-opens=java.rmi/sun.rmi.transport=ALL-UNNAMED --add-exports=java.base/jdk.internal.ref=ALL-UNNAMED --add-opens=java.base/java.nio=ALL-UNNAMED --add-opens=java.base/sun.nio.ch=ALL-UNNAMED --add-opens=java.management/sun.management=ALL-UNNAMED --add-opens=jdk.management/com.sun.management.internal=ALL-UNNAMED -Dcom.redhat.fips=false -Xmx512m -Xms128m -XX:+HeapDumpOnOutOfMemoryError -Dhttp.nonProxyHosts=localhost|127.*|[::1] -cp ./lib/sonar-application-10.3.0.82913.jar:/opt/sonarqube/lib/jdbc/postgresql/postgresql-42.6.0.jar org.sonar.server.app.WebServer /opt/sonarqube/temp/sq-process5962802978271326604properties
2023.11.29 14:54:04 INFO  app[][o.s.a.SchedulerImpl] Process[web] is up
2023.11.29 14:54:04 INFO  app[][o.s.a.ProcessLauncherImpl] Launch process[COMPUTE_ENGINE] from [/opt/sonarqube]: /opt/java/openjdk/bin/java -Djava.awt.headless=true -Dfile.encoding=UTF-8 -Djava.io.tmpdir=/opt/sonarqube/temp -XX:-OmitStackTraceInFastThrow --add-opens=java.base/java.util=ALL-UNNAMED --add-exports=java.base/jdk.internal.ref=ALL-UNNAMED --add-opens=java.base/java.lang=ALL-UNNAMED --add-opens=java.base/java.nio=ALL-UNNAMED --add-opens=java.base/sun.nio.ch=ALL-UNNAMED --add-opens=java.management/sun.management=ALL-UNNAMED --add-opens=jdk.management/com.sun.management.internal=ALL-UNNAMED -Dcom.redhat.fips=false -Xmx512m -Xms128m -XX:+HeapDumpOnOutOfMemoryError -Dhttp.nonProxyHosts=localhost|127.*|[::1] -cp ./lib/sonar-application-10.3.0.82913.jar:/opt/sonarqube/lib/jdbc/postgresql/postgresql-42.6.0.jar org.sonar.ce.app.CeServer /opt/sonarqube/temp/sq-process6893244372485143717properties
2023.11.29 14:54:12 INFO  app[][o.s.a.SchedulerImpl] Process[ce] is up
2023.11.29 14:54:12 INFO  app[][o.s.a.SchedulerImpl] SonarQube is operational
2023.11.29 14:54:36 INFO  app[][o.s.a.SchedulerImpl] Stopping SonarQube
2023.11.29 14:54:36 INFO  app[][o.s.a.SchedulerImpl] Sonarqube has been requested to stop
2023.11.29 14:54:36 INFO  app[][o.s.a.SchedulerImpl] Stopping [Compute Engine] process...
2023.11.29 14:54:36 INFO  app[][o.s.a.SchedulerImpl] Stopping [Web Server] process...
2023.11.29 14:54:36 INFO  app[][o.s.a.SchedulerImpl] Process[Compute Engine] is stopped
2023.11.29 14:54:37 INFO  app[][o.s.a.SchedulerImpl] Process[Web Server] is stopped
2023.11.29 14:54:37 INFO  app[][o.s.a.SchedulerImpl] Stopping [ElasticSearch] process...
2023.11.29 14:54:37 WARN  app[][o.s.a.p.AbstractManagedProcess] Process exited with exit value [ElasticSearch]: 143
2023.11.29 14:54:37 INFO  app[][o.s.a.SchedulerImpl] Process[ElasticSearch] is stopped
2023.11.29 14:54:37 INFO  app[][o.s.a.SchedulerImpl] SonarQube is stopped
2023.11.29 14:55:08 INFO  app[][o.s.a.AppFileSystem] Cleaning or creating temp directory /opt/sonarqube/temp
2023.11.29 14:55:08 INFO  app[][o.s.a.es.EsSettings] Elasticsearch listening on [HTTP: 127.0.0.1:9001, TCP: 127.0.0.1:33105]
2023.11.29 14:55:08 INFO  app[][o.s.a.ProcessLauncherImpl] Launch process[ELASTICSEARCH] from [/opt/sonarqube/elasticsearch]: /opt/java/openjdk/bin/java -Xms4m -Xmx64m -XX:+UseSerialGC -Dcli.name=server -Dcli.script=./bin/elasticsearch -Dcli.libs=lib/tools/server-cli -Des.path.home=/opt/sonarqube/elasticsearch -Des.path.conf=/opt/sonarqube/temp/conf/es -Des.distribution.type=tar -cp /opt/sonarqube/elasticsearch/lib/*:/opt/sonarqube/elasticsearch/lib/cli-launcher/* org.elasticsearch.launcher.CliToolLauncher
2023.11.29 14:55:08 INFO  app[][o.s.a.SchedulerImpl] Waiting for Elasticsearch to be up and running
2023.11.29 14:55:27 INFO  app[][o.s.a.SchedulerImpl] Stopping SonarQube
2023.11.29 14:55:27 INFO  app[][o.s.a.SchedulerImpl] Sonarqube has been requested to stop
2023.11.29 14:55:27 INFO  app[][o.s.a.SchedulerImpl] Stopping [Compute Engine] process...
2023.11.29 14:55:27 INFO  app[][o.s.a.SchedulerImpl] Stopping [Web Server] process...
2023.11.29 14:55:27 INFO  app[][o.s.a.SchedulerImpl] Stopping [ElasticSearch] process...
2023.11.29 14:55:27 INFO  app[][o.s.a.SchedulerImpl] Process[ElasticSearch] is stopped
2023.11.29 14:55:27 WARN  app[][o.s.a.p.AbstractManagedProcess] Process exited with exit value [ElasticSearch]: 143
2023.11.29 14:55:27 INFO  app[][o.s.a.SchedulerImpl] SonarQube is stopped
2023.11.29 14:56:22 INFO  app[][o.s.a.AppFileSystem] Cleaning or creating temp directory /opt/sonarqube/temp
2023.11.29 14:56:23 INFO  app[][o.s.a.es.EsSettings] Elasticsearch listening on [HTTP: 127.0.0.1:9001, TCP: 127.0.0.1:41385]
2023.11.29 14:56:23 INFO  app[][o.s.a.ProcessLauncherImpl] Launch process[ELASTICSEARCH] from [/opt/sonarqube/elasticsearch]: /opt/java/openjdk/bin/java -Xms4m -Xmx64m -XX:+UseSerialGC -Dcli.name=server -Dcli.script=./bin/elasticsearch -Dcli.libs=lib/tools/server-cli -Des.path.home=/opt/sonarqube/elasticsearch -Des.path.conf=/opt/sonarqube/temp/conf/es -Des.distribution.type=tar -cp /opt/sonarqube/elasticsearch/lib/*:/opt/sonarqube/elasticsearch/lib/cli-launcher/* org.elasticsearch.launcher.CliToolLauncher
2023.11.29 14:56:23 INFO  app[][o.s.a.SchedulerImpl] Waiting for Elasticsearch to be up and running
2023.11.29 14:57:07 INFO  app[][o.s.a.SchedulerImpl] Process[es] is up
2023.11.29 14:57:07 INFO  app[][o.s.a.ProcessLauncherImpl] Launch process[WEB_SERVER] from [/opt/sonarqube]: /opt/java/openjdk/bin/java -Djava.awt.headless=true -Dfile.encoding=UTF-8 -Djava.io.tmpdir=/opt/sonarqube/temp -XX:-OmitStackTraceInFastThrow --add-opens=java.base/java.util=ALL-UNNAMED --add-opens=java.base/java.lang=ALL-UNNAMED --add-opens=java.base/java.io=ALL-UNNAMED --add-opens=java.rmi/sun.rmi.transport=ALL-UNNAMED --add-exports=java.base/jdk.internal.ref=ALL-UNNAMED --add-opens=java.base/java.nio=ALL-UNNAMED --add-opens=java.base/sun.nio.ch=ALL-UNNAMED --add-opens=java.management/sun.management=ALL-UNNAMED --add-opens=jdk.management/com.sun.management.internal=ALL-UNNAMED -Dcom.redhat.fips=false -Xmx512m -Xms128m -XX:+HeapDumpOnOutOfMemoryError -Dhttp.nonProxyHosts=localhost|127.*|[::1] -cp ./lib/sonar-application-10.3.0.82913.jar:/opt/sonarqube/lib/jdbc/postgresql/postgresql-42.6.0.jar org.sonar.server.app.WebServer /opt/sonarqube/temp/sq-process12637584235584729035properties
2023.11.29 14:57:44 INFO  app[][o.s.a.SchedulerImpl] Process[web] is up
2023.11.29 14:57:44 INFO  app[][o.s.a.ProcessLauncherImpl] Launch process[COMPUTE_ENGINE] from [/opt/sonarqube]: /opt/java/openjdk/bin/java -Djava.awt.headless=true -Dfile.encoding=UTF-8 -Djava.io.tmpdir=/opt/sonarqube/temp -XX:-OmitStackTraceInFastThrow --add-opens=java.base/java.util=ALL-UNNAMED --add-exports=java.base/jdk.internal.ref=ALL-UNNAMED --add-opens=java.base/java.lang=ALL-UNNAMED --add-opens=java.base/java.nio=ALL-UNNAMED --add-opens=java.base/sun.nio.ch=ALL-UNNAMED --add-opens=java.management/sun.management=ALL-UNNAMED --add-opens=jdk.management/com.sun.management.internal=ALL-UNNAMED -Dcom.redhat.fips=false -Xmx512m -Xms128m -XX:+HeapDumpOnOutOfMemoryError -Dhttp.nonProxyHosts=localhost|127.*|[::1] -cp ./lib/sonar-application-10.3.0.82913.jar:/opt/sonarqube/lib/jdbc/postgresql/postgresql-42.6.0.jar org.sonar.ce.app.CeServer /opt/sonarqube/temp/sq-process13252953969616223464properties
2023.11.29 14:57:55 INFO  app[][o.s.a.SchedulerImpl] Process[ce] is up
2023.11.29 14:57:55 INFO  app[][o.s.a.SchedulerImpl] SonarQube is operational
2023.11.29 15:08:41 INFO  app[][o.s.a.SchedulerImpl] Stopping SonarQube
2023.11.29 15:08:41 INFO  app[][o.s.a.SchedulerImpl] Sonarqube has been requested to stop
2023.11.29 15:08:41 INFO  app[][o.s.a.SchedulerImpl] Stopping [Compute Engine] process...
2023.11.29 15:08:41 INFO  app[][o.s.a.SchedulerImpl] Stopping [Web Server] process...
2023.11.29 15:08:41 INFO  app[][o.s.a.SchedulerImpl] Process[Compute Engine] is stopped
2023.11.29 15:08:41 INFO  app[][o.s.a.SchedulerImpl] Process[Web Server] is stopped
2023.11.29 15:08:41 INFO  app[][o.s.a.SchedulerImpl] Stopping [ElasticSearch] process...
2023.11.29 15:08:42 WARN  app[][o.s.a.p.AbstractManagedProcess] Process exited with exit value [ElasticSearch]: 143
2023.11.29 15:08:42 INFO  app[][o.s.a.SchedulerImpl] Process[ElasticSearch] is stopped
2023.11.29 15:08:42 INFO  app[][o.s.a.SchedulerImpl] SonarQube is stopped
2023.11.29 15:08:48 INFO  app[][o.s.a.AppFileSystem] Cleaning or creating temp directory /opt/sonarqube/temp
2023.11.29 15:08:48 INFO  app[][o.s.a.es.EsSettings] Elasticsearch listening on [HTTP: 127.0.0.1:9001, TCP: 127.0.0.1:35007]
2023.11.29 15:08:48 INFO  app[][o.s.a.ProcessLauncherImpl] Launch process[ELASTICSEARCH] from [/opt/sonarqube/elasticsearch]: /opt/java/openjdk/bin/java -Xms4m -Xmx64m -XX:+UseSerialGC -Dcli.name=server -Dcli.script=./bin/elasticsearch -Dcli.libs=lib/tools/server-cli -Des.path.home=/opt/sonarqube/elasticsearch -Des.path.conf=/opt/sonarqube/temp/conf/es -Des.distribution.type=tar -cp /opt/sonarqube/elasticsearch/lib/*:/opt/sonarqube/elasticsearch/lib/cli-launcher/* org.elasticsearch.launcher.CliToolLauncher
2023.11.29 15:08:49 INFO  app[][o.s.a.SchedulerImpl] Waiting for Elasticsearch to be up and running
2023.11.29 15:09:28 INFO  app[][o.s.a.SchedulerImpl] Process[es] is up
2023.11.29 15:09:28 INFO  app[][o.s.a.ProcessLauncherImpl] Launch process[WEB_SERVER] from [/opt/sonarqube]: /opt/java/openjdk/bin/java -Djava.awt.headless=true -Dfile.encoding=UTF-8 -Djava.io.tmpdir=/opt/sonarqube/temp -XX:-OmitStackTraceInFastThrow --add-opens=java.base/java.util=ALL-UNNAMED --add-opens=java.base/java.lang=ALL-UNNAMED --add-opens=java.base/java.io=ALL-UNNAMED --add-opens=java.rmi/sun.rmi.transport=ALL-UNNAMED --add-exports=java.base/jdk.internal.ref=ALL-UNNAMED --add-opens=java.base/java.nio=ALL-UNNAMED --add-opens=java.base/sun.nio.ch=ALL-UNNAMED --add-opens=java.management/sun.management=ALL-UNNAMED --add-opens=jdk.management/com.sun.management.internal=ALL-UNNAMED -Dcom.redhat.fips=false -Xmx512m -Xms128m -XX:+HeapDumpOnOutOfMemoryError -Dhttp.nonProxyHosts=localhost|127.*|[::1] -cp ./lib/sonar-application-10.3.0.82913.jar:/opt/sonarqube/lib/jdbc/postgresql/postgresql-42.6.0.jar org.sonar.server.app.WebServer /opt/sonarqube/temp/sq-process561026956044793076properties
2023.11.29 15:09:45 INFO  app[][o.s.a.SchedulerImpl] Process[web] is up
2023.11.29 15:09:45 INFO  app[][o.s.a.ProcessLauncherImpl] Launch process[COMPUTE_ENGINE] from [/opt/sonarqube]: /opt/java/openjdk/bin/java -Djava.awt.headless=true -Dfile.encoding=UTF-8 -Djava.io.tmpdir=/opt/sonarqube/temp -XX:-OmitStackTraceInFastThrow --add-opens=java.base/java.util=ALL-UNNAMED --add-exports=java.base/jdk.internal.ref=ALL-UNNAMED --add-opens=java.base/java.lang=ALL-UNNAMED --add-opens=java.base/java.nio=ALL-UNNAMED --add-opens=java.base/sun.nio.ch=ALL-UNNAMED --add-opens=java.management/sun.management=ALL-UNNAMED --add-opens=jdk.management/com.sun.management.internal=ALL-UNNAMED -Dcom.redhat.fips=false -Xmx512m -Xms128m -XX:+HeapDumpOnOutOfMemoryError -Dhttp.nonProxyHosts=localhost|127.*|[::1] -cp ./lib/sonar-application-10.3.0.82913.jar:/opt/sonarqube/lib/jdbc/postgresql/postgresql-42.6.0.jar org.sonar.ce.app.CeServer /opt/sonarqube/temp/sq-process1359595176678243848properties
2023.11.29 15:09:54 INFO  app[][o.s.a.SchedulerImpl] Process[ce] is up
2023.11.29 15:09:54 INFO  app[][o.s.a.SchedulerImpl] SonarQube is operational
2023.11.29 15:30:34 INFO  app[][o.s.a.SchedulerImpl] Stopping SonarQube
2023.11.29 15:30:34 INFO  app[][o.s.a.SchedulerImpl] Sonarqube has been requested to stop
2023.11.29 15:30:34 INFO  app[][o.s.a.SchedulerImpl] Stopping [Compute Engine] process...
2023.11.29 15:30:35 INFO  app[][o.s.a.SchedulerImpl] Process[Compute Engine] is stopped
2023.11.29 15:30:35 INFO  app[][o.s.a.SchedulerImpl] Stopping [Web Server] process...
2023.11.29 15:30:36 INFO  app[][o.s.a.SchedulerImpl] Process[Web Server] is stopped
2023.11.29 15:30:36 INFO  app[][o.s.a.SchedulerImpl] Stopping [ElasticSearch] process...
2023.11.29 15:30:37 INFO  app[][o.s.a.SchedulerImpl] Process[ElasticSearch] is stopped
2023.11.29 15:30:37 INFO  app[][o.s.a.SchedulerImpl] SonarQube is stopped
